Build started 04/06/2014 5:23:49.
     1>Project "C:\Prog\FSD\x-ivap-code - pruebas\src\XIvAp\XIvAp.vcxproj" on node 2 (Build target(s)).
     1>C:\Program Files (x86)\MSBuild\Microsoft.Cpp\v4.0\V110\Microsoft.CppBuild.targets(345,5): warning MSB8004: Intermediate Directory does not end with a trailing slash.  This build instance will add the slash as it is required to allow proper evaluation of the Intermediate Directory.
     1>C:\Program Files (x86)\MSBuild\Microsoft.Cpp\v4.0\V110\Microsoft.CppBuild.targets(346,5): warning MSB8004: Output Directory does not end with a trailing slash.  This build instance will add the slash as it is required to allow proper evaluation of the Output Directory.
     1>ClCompile:
         C:\Program Files (x86)\Microsoft Visual Studio 11.0\VC\bin\CL.exe /c /I..\WinIncludes /I..\..\SDK /I..\..\SDK\multiplayer\src /I..\ptypes\include /I..\..\SDK\CHeaders\Widgets /I..\..\SDK\CHeaders\XPLM /I..\stund /I..\..\SDK\multiplayer\include /I..\FMOD\FMODWindows\api\inc /ZI /nologo /W3 /WX- /Od /Ot /Oy- /D WIN32 /D _DEBUG /D _WINDOWS /D _USRDLL /D IBM=1 /D XPLM200 /D _VC80_UPGRADE=0x0710 /D _WINDLL /D _MBCS /GF /Gm /EHsc /MDd /GS /fp:precise /Zc:wchar_t /Zc:forScope /Fo"Debug\Win32\obj\\" /Fd"Debug\Win32\obj\vc110.pdb" /Gd /TP /analyze- /errorReport:prompt aircraftDB.cpp airlinesDB.cpp atcPosition.cpp awyFinder.cpp chatWindow.cpp configFile.cpp connectForm.cpp disconnectForm.cpp FlightLogger.cpp flightplanForm.cpp FMCform.cpp fsdapi.cpp fsdmessage.cpp helpers.cpp HTTPclient.cpp interpolator.cpp messageHandler.cpp messageWindow.cpp multiplayer.cpp multiplayerPilot.cpp navQuery.cpp planeposition.cpp refInspector.cpp SoundGraphics.cpp stb_image_aug.cpp systemcallbacks.cpp Tcas.cpp tcpsocket.cpp TeamSpeak.cpp TLVpacket.cpp uiWindow.cpp weatherGod.cpp weatherPosition.cpp WristWatch.cpp xivap.cpp xivapWin.cpp XPmessageBox.cpp ..\..\Sdk\multiplayer\src\TexUtils.cpp ..\..\Sdk\multiplayer\src\BitmapUtils.cpp ..\..\Sdk\multiplayer\src\PlatformUtils.win.cpp ..\..\Sdk\multiplayer\src\XObjDefs.cpp ..\..\Sdk\multiplayer\src\XObjReadWrite.cpp ..\..\Sdk\multiplayer\src\XOGLUtils.cpp ..\..\Sdk\multiplayer\src\XPMPMultiplayer.cpp ..\..\Sdk\multiplayer\src\XPMPMultiplayerCSL.cpp ..\..\Sdk\multiplayer\src\XPMPMultiplayerObj.cpp ..\..\Sdk\multiplayer\src\XPMPMultiplayerVars.cpp ..\..\Sdk\multiplayer\src\XPMPPlaneRenderer.cpp ..\..\Sdk\multiplayer\src\XUtils.cpp ..\..\Sdk\XPListBox.cpp ..\..\Sdk\XPPopups.cpp ..\stund\stun.cxx ..\stund\StunClient.cpp ..\stund\udp.cxx
         udp.cxx
     1>c:\prog\fsd\x-ivap-code - pruebas\src\stund\udp.cxx(96): warning C4996: 'strerror': This function or variable may be unsafe. Consider using strerror_s instead. To disable deprecation, use _CRT_SECURE_NO_WARNINGS. See online help for details.
                 c:\program files (x86)\microsoft visual studio 11.0\vc\include\string.h(164) : see declaration of 'strerror'
     1>c:\prog\fsd\x-ivap-code - pruebas\src\stund\udp.cxx(232): warning C4996: 'strerror': This function or variable may be unsafe. Consider using strerror_s instead. To disable deprecation, use _CRT_SECURE_NO_WARNINGS. See online help for details.
                 c:\program files (x86)\microsoft visual studio 11.0\vc\include\string.h(164) : see declaration of 'strerror'
         StunClient.cpp
         stun.cxx
     1>c:\prog\fsd\x-ivap-code - pruebas\src\stund\stun.cxx(745): warning C4996: 'strncpy': This function or variable may be unsafe. Consider using strncpy_s instead. To disable deprecation, use _CRT_SECURE_NO_WARNINGS. See online help for details.
                 c:\program files (x86)\microsoft visual studio 11.0\vc\include\string.h(191) : see declaration of 'strncpy'
     1>c:\prog\fsd\x-ivap-code - pruebas\src\stund\stun.cxx(796): warning C4996: 'sprintf': This function or variable may be unsafe. Consider using sprintf_s instead. To disable deprecation, use _CRT_SECURE_NO_WARNINGS. See online help for details.
                 c:\program files (x86)\microsoft visual studio 11.0\vc\include\stdio.h(357) : see declaration of 'sprintf'
     1>c:\prog\fsd\x-ivap-code - pruebas\src\stund\stun.cxx(808): warning C4996: 'strcat': This function or variable may be unsafe. Consider using strcat_s instead. To disable deprecation, use _CRT_SECURE_NO_WARNINGS. See online help for details.
                 c:\program files (x86)\microsoft visual studio 11.0\vc\include\string.h(115) : see declaration of 'strcat'
     1>c:\prog\fsd\x-ivap-code - pruebas\src\stund\stun.cxx(891): warning C4996: 'strncpy': This function or variable may be unsafe. Consider using strncpy_s instead. To disable deprecation, use _CRT_SECURE_NO_WARNINGS. See online help for details.
                 c:\program files (x86)\microsoft visual studio 11.0\vc\include\string.h(191) : see declaration of 'strncpy'
     1>c:\prog\fsd\x-ivap-code - pruebas\src\stund\stun.cxx(1007): warning C4996: 'strcpy': This function or variable may be unsafe. Consider using strcpy_s instead. To disable deprecation, use _CRT_SECURE_NO_WARNINGS. See online help for details.
                 c:\program files (x86)\microsoft visual studio 11.0\vc\include\string.h(110) : see declaration of 'strcpy'
     1>c:\prog\fsd\x-ivap-code - pruebas\src\stund\stun.cxx(1263): warning C4996: 'sscanf': This function or variable may be unsafe. Consider using sscanf_s instead. To disable deprecation, use _CRT_SECURE_NO_WARNINGS. See online help for details.
                 c:\program files (x86)\microsoft visual studio 11.0\vc\include\stdio.h(311) : see declaration of 'sscanf'
     1>c:\prog\fsd\x-ivap-code - pruebas\src\stund\stun.cxx(1436): warning C4018: '>=' : signed/unsigned mismatch
     1>c:\prog\fsd\x-ivap-code - pruebas\src\stund\stun.cxx(1463): warning C4996: 'strerror': This function or variable may be unsafe. Consider using strerror_s instead. To disable deprecation, use _CRT_SECURE_NO_WARNINGS. See online help for details.
                 c:\program files (x86)\microsoft visual studio 11.0\vc\include\string.h(164) : see declaration of 'strerror'
     1>c:\prog\fsd\x-ivap-code - pruebas\src\stund\stun.cxx(2094): warning C4996: 'strerror': This function or variable may be unsafe. Consider using strerror_s instead. To disable deprecation, use _CRT_SECURE_NO_WARNINGS. See online help for details.
                 c:\program files (x86)\microsoft visual studio 11.0\vc\include\string.h(164) : see declaration of 'strerror'
         XPPopups.cpp
         XPListBox.cpp
     1>c:\prog\fsd\x-ivap-code - pruebas\sdk\xplistbox.cpp(48): warning C4244: '=' : conversion from 'double' to 'int', possible loss of data
     1>c:\prog\fsd\x-ivap-code - pruebas\sdk\xplistbox.cpp(197): warning C4018: '>=' : signed/unsigned mismatch
     1>c:\prog\fsd\x-ivap-code - pruebas\sdk\xplistbox.cpp(197): warning C4018: '<' : signed/unsigned mismatch
     1>c:\prog\fsd\x-ivap-code - pruebas\sdk\xplistbox.cpp(374): warning C4018: '>' : signed/unsigned mismatch
     1>c:\prog\fsd\x-ivap-code - pruebas\sdk\xplistbox.cpp(397): warning C4018: '<' : signed/unsigned mismatch
     1>c:\prog\fsd\x-ivap-code - pruebas\sdk\xplistbox.cpp(399): warning C4018: '<' : signed/unsigned mismatch
     1>c:\prog\fsd\x-ivap-code - pruebas\sdk\xplistbox.cpp(429): warning C4996: 'strcpy': This function or variable may be unsafe. Consider using strcpy_s instead. To disable deprecation, use _CRT_SECURE_NO_WARNINGS. See online help for details.
                 c:\program files (x86)\microsoft visual studio 11.0\vc\include\string.h(110) : see declaration of 'strcpy'
     1>c:\prog\fsd\x-ivap-code - pruebas\sdk\xplistbox.cpp(474): warning C4018: '<' : signed/unsigned mismatch
     1>c:\prog\fsd\x-ivap-code - pruebas\sdk\xplistbox.cpp(555): warning C4800: 'int' : forcing value to bool 'true' or 'false' (performance warning)
     1>c:\prog\fsd\x-ivap-code - pruebas\sdk\xplistbox.cpp(565): warning C4244: '=' : conversion from 'double' to 'int', possible loss of data
     1>c:\prog\fsd\x-ivap-code - pruebas\sdk\xplistbox.cpp(570): warning C4244: '=' : conversion from 'double' to 'int', possible loss of data
         XUtils.cpp
     1>c:\prog\fsd\x-ivap-code - pruebas\sdk\multiplayer\src\xutils.cpp(78): warning C4996: 'fopen': This function or variable may be unsafe. Consider using fopen_s instead. To disable deprecation, use _CRT_SECURE_NO_WARNINGS. See online help for details.
                 c:\program files (x86)\microsoft visual studio 11.0\vc\include\stdio.h(218) : see declaration of 'fopen'
     1>c:\prog\fsd\x-ivap-code - pruebas\sdk\multiplayer\src\xutils.cpp(226): warning C4018: '<' : signed/unsigned mismatch
     1>c:\prog\fsd\x-ivap-code - pruebas\sdk\multiplayer\src\xutils.cpp(354): warning C4018: '>' : signed/unsigned mismatch
     1>c:\prog\fsd\x-ivap-code - pruebas\sdk\multiplayer\src\xutils.cpp(355): warning C4018: '>' : signed/unsigned mismatch
     1>c:\prog\fsd\x-ivap-code - pruebas\sdk\multiplayer\src\xutils.cpp(392): warning C4068: unknown pragma
     1>c:\prog\fsd\x-ivap-code - pruebas\sdk\multiplayer\src\xutils.cpp(422): warning C4996: 'sprintf': This function or variable may be unsafe. Consider using sprintf_s instead. To disable deprecation, use _CRT_SECURE_NO_WARNINGS. See online help for details.
                 c:\program files (x86)\microsoft visual studio 11.0\vc\include\stdio.h(357) : see declaration of 'sprintf'
     1>c:\prog\fsd\x-ivap-code - pruebas\sdk\multiplayer\src\xutils.cpp(504): warning C4018: '<' : signed/unsigned mismatch
     1>c:\prog\fsd\x-ivap-code - pruebas\sdk\multiplayer\src\xutils.cpp(509): warning C4018: '<' : signed/unsigned mismatch
     1>c:\prog\fsd\x-ivap-code - pruebas\sdk\multiplayer\src\xutils.cpp(524): warning C4018: '<' : signed/unsigned mismatch
     1>c:\prog\fsd\x-ivap-code - pruebas\sdk\multiplayer\src\xutils.cpp(545): warning C4018: '<' : signed/unsigned mismatch
     1>c:\prog\fsd\x-ivap-code - pruebas\sdk\multiplayer\src\xutils.cpp(561): warning C4018: '<' : signed/unsigned mismatch
     1>c:\prog\fsd\x-ivap-code - pruebas\sdk\multiplayer\src\xutils.cpp(573): warning C4018: '<' : signed/unsigned mismatch
         XPMPPlaneRenderer.cpp
     1>c:\prog\fsd\x-ivap-code - pruebas\sdk\multiplayer\src\xpmpplanerenderer.cpp(219): warning C4996: 'sprintf': This function or variable may be unsafe. Consider using sprintf_s instead. To disable deprecation, use _CRT_SECURE_NO_WARNINGS. See online help for details.
                 c:\program files (x86)\microsoft visual studio 11.0\vc\include\stdio.h(357) : see declaration of 'sprintf'
     1>c:\prog\fsd\x-ivap-code - pruebas\sdk\multiplayer\src\xpmpplanerenderer.cpp(223): warning C4996: 'sprintf': This function or variable may be unsafe. Consider using sprintf_s instead. To disable deprecation, use _CRT_SECURE_NO_WARNINGS. See online help for details.
                 c:\program files (x86)\microsoft visual studio 11.0\vc\include\stdio.h(357) : see declaration of 'sprintf'
     1>c:\prog\fsd\x-ivap-code - pruebas\sdk\multiplayer\src\xpmpplanerenderer.cpp(227): warning C4996: 'sprintf': This function or variable may be unsafe. Consider using sprintf_s instead. To disable deprecation, use _CRT_SECURE_NO_WARNINGS. See online help for details.
                 c:\program files (x86)\microsoft visual studio 11.0\vc\include\stdio.h(357) : see declaration of 'sprintf'
     1>c:\prog\fsd\x-ivap-code - pruebas\sdk\multiplayer\src\xpmpplanerenderer.cpp(310): warning C4996: 'sprintf': This function or variable may be unsafe. Consider using sprintf_s instead. To disable deprecation, use _CRT_SECURE_NO_WARNINGS. See online help for details.
                 c:\program files (x86)\microsoft visual studio 11.0\vc\include\stdio.h(357) : see declaration of 'sprintf'
     1>c:\prog\fsd\x-ivap-code - pruebas\sdk\multiplayer\src\xpmpplanerenderer.cpp(336): warning C4244: 'argument' : conversion from 'double' to 'float', possible loss of data
     1>c:\prog\fsd\x-ivap-code - pruebas\sdk\multiplayer\src\xpmpplanerenderer.cpp(362): warning C4244: 'argument' : conversion from 'double' to 'float', possible loss of data
     1>c:\prog\fsd\x-ivap-code - pruebas\sdk\multiplayer\src\xpmpplanerenderer.cpp(383): warning C4244: '=' : conversion from 'double' to 'float', possible loss of data
     1>c:\prog\fsd\x-ivap-code - pruebas\sdk\multiplayer\src\xpmpplanerenderer.cpp(384): warning C4244: '=' : conversion from 'double' to 'float', possible loss of data
     1>c:\prog\fsd\x-ivap-code - pruebas\sdk\multiplayer\src\xpmpplanerenderer.cpp(385): warning C4244: '=' : conversion from 'double' to 'float', possible loss of data
     1>c:\prog\fsd\x-ivap-code - pruebas\sdk\multiplayer\src\xpmpplanerenderer.cpp(414): warning C4244: '=' : conversion from 'double' to 'float', possible loss of data
     1>c:\prog\fsd\x-ivap-code - pruebas\sdk\multiplayer\src\xpmpplanerenderer.cpp(415): warning C4244: '=' : conversion from 'double' to 'float', possible loss of data
     1>c:\prog\fsd\x-ivap-code - pruebas\sdk\multiplayer\src\xpmpplanerenderer.cpp(417): warning C4244: '=' : conversion from 'double' to 'float', possible loss of data
     1>c:\prog\fsd\x-ivap-code - pruebas\sdk\multiplayer\src\xpmpplanerenderer.cpp(418): warning C4244: '=' : conversion from 'double' to 'float', possible loss of data
     1>c:\prog\fsd\x-ivap-code - pruebas\sdk\multiplayer\src\xpmpplanerenderer.cpp(419): warning C4244: '=' : conversion from 'double' to 'float', possible loss of data
     1>c:\prog\fsd\x-ivap-code - pruebas\sdk\multiplayer\src\xpmpplanerenderer.cpp(420): warning C4244: '=' : conversion from 'double' to 'float', possible loss of data
     1>c:\prog\fsd\x-ivap-code - pruebas\sdk\multiplayer\src\xpmpplanerenderer.cpp(521): warning C4018: '<' : signed/unsigned mismatch
     1>c:\prog\fsd\x-ivap-code - pruebas\sdk\multiplayer\src\xpmpplanerenderer.cpp(621): warning C4244: 'initializing' : conversion from 'double' to 'float', possible loss of data
     1>c:\prog\fsd\x-ivap-code - pruebas\sdk\multiplayer\src\xpmpplanerenderer.cpp(622): warning C4244: '=' : conversion from 'double' to 'float', possible loss of data
     1>c:\prog\fsd\x-ivap-code - pruebas\sdk\multiplayer\src\xpmpplanerenderer.cpp(623): warning C4244: '=' : conversion from 'double' to 'float', possible loss of data
     1>c:\prog\fsd\x-ivap-code - pruebas\sdk\multiplayer\src\xpmpplanerenderer.cpp(625): warning C4244: 'argument' : conversion from 'float' to 'int', possible loss of data
         XPMPMultiplayerVars.cpp
         XPMPMultiplayerObj.cpp
     1>c:\prog\fsd\x-ivap-code - pruebas\sdk\multiplayer\src\xpmpmultiplayerobj.cpp(53): warning C4305: 'initializing' : truncation from 'double' to 'const float'
     1>c:\prog\fsd\x-ivap-code - pruebas\sdk\multiplayer\src\xpmpmultiplayerobj.cpp(54): warning C4305: 'initializing' : truncation from 'double' to 'const float'
     1>c:\prog\fsd\x-ivap-code - pruebas\sdk\multiplayer\src\xpmpmultiplayerobj.cpp(55): warning C4305: 'initializing' : truncation from 'double' to 'const float'
     1>c:\prog\fsd\x-ivap-code - pruebas\sdk\multiplayer\src\xpmpmultiplayerobj.cpp(56): warning C4305: 'initializing' : truncation from 'double' to 'const float'
     1>c:\prog\fsd\x-ivap-code - pruebas\sdk\multiplayer\src\xpmpmultiplayerobj.cpp(63): warning C4018: '<' : signed/unsigned mismatch
     1>c:\prog\fsd\x-ivap-code - pruebas\sdk\multiplayer\src\xpmpmultiplayerobj.cpp(76): warning C4244: '=' : conversion from 'double' to 'float', possible loss of data
     1>c:\prog\fsd\x-ivap-code - pruebas\sdk\multiplayer\src\xpmpmultiplayerobj.cpp(122): warning C4018: '<' : signed/unsigned mismatch
     1>c:\prog\fsd\x-ivap-code - pruebas\sdk\multiplayer\src\xpmpmultiplayerobj.cpp(216): warning C4018: '<' : signed/unsigned mismatch
     1>c:\prog\fsd\x-ivap-code - pruebas\sdk\multiplayer\src\xpmpmultiplayerobj.cpp(218): warning C4018: '<' : signed/unsigned mismatch
     1>c:\prog\fsd\x-ivap-code - pruebas\sdk\multiplayer\src\xpmpmultiplayerobj.cpp(230): warning C4018: '<' : signed/unsigned mismatch
     1>c:\prog\fsd\x-ivap-code - pruebas\sdk\multiplayer\src\xpmpmultiplayerobj.cpp(242): warning C4018: '<' : signed/unsigned mismatch
     1>c:\prog\fsd\x-ivap-code - pruebas\sdk\multiplayer\src\xpmpmultiplayerobj.cpp(325): warning C4018: '<' : signed/unsigned mismatch
     1>c:\prog\fsd\x-ivap-code - pruebas\sdk\multiplayer\src\xpmpmultiplayerobj.cpp(395): warning C4018: '<' : signed/unsigned mismatch
     1>c:\prog\fsd\x-ivap-code - pruebas\sdk\multiplayer\src\xpmpmultiplayerobj.cpp(401): warning C4244: '=' : conversion from 'float' to 'int', possible loss of data
     1>c:\prog\fsd\x-ivap-code - pruebas\sdk\multiplayer\src\xpmpmultiplayerobj.cpp(402): warning C4244: '=' : conversion from 'float' to 'int', possible loss of data
     1>c:\prog\fsd\x-ivap-code - pruebas\sdk\multiplayer\src\xpmpmultiplayerobj.cpp(403): warning C4244: '=' : conversion from 'float' to 'int', possible loss of data
     1>c:\prog\fsd\x-ivap-code - pruebas\sdk\multiplayer\src\xpmpmultiplayerobj.cpp(411): warning C4018: '<' : signed/unsigned mismatch
     1>c:\prog\fsd\x-ivap-code - pruebas\sdk\multiplayer\src\xpmpmultiplayerobj.cpp(427): warning C4018: '<' : signed/unsigned mismatch
     1>c:\prog\fsd\x-ivap-code - pruebas\sdk\multiplayer\src\xpmpmultiplayerobj.cpp(433): warning C4018: '<' : signed/unsigned mismatch
     1>c:\prog\fsd\x-ivap-code - pruebas\sdk\multiplayer\src\xpmpmultiplayerobj.cpp(442): warning C4018: '<' : signed/unsigned mismatch
     1>c:\prog\fsd\x-ivap-code - pruebas\sdk\multiplayer\src\xpmpmultiplayerobj.cpp(459): warning C4018: '<' : signed/unsigned mismatch
     1>c:\prog\fsd\x-ivap-code - pruebas\sdk\multiplayer\src\xpmpmultiplayerobj.cpp(476): warning C4018: '<' : signed/unsigned mismatch
     1>c:\prog\fsd\x-ivap-code - pruebas\sdk\multiplayer\src\xpmpmultiplayerobj.cpp(478): warning C4018: '<' : signed/unsigned mismatch
     1>c:\prog\fsd\x-ivap-code - pruebas\sdk\multiplayer\src\xpmpmultiplayerobj.cpp(504): warning C4018: '<' : signed/unsigned mismatch
     1>c:\prog\fsd\x-ivap-code - pruebas\sdk\multiplayer\src\xpmpmultiplayerobj.cpp(683): warning C4018: '<' : signed/unsigned mismatch
     1>c:\prog\fsd\x-ivap-code - pruebas\sdk\multiplayer\src\xpmpmultiplayerobj.cpp(702): warning C4018: '<' : signed/unsigned mismatch
     1>c:\prog\fsd\x-ivap-code - pruebas\sdk\multiplayer\src\xpmpmultiplayerobj.cpp(727): warning C4244: 'initializing' : conversion from 'double' to 'float', possible loss of data
     1>c:\prog\fsd\x-ivap-code - pruebas\sdk\multiplayer\src\xpmpmultiplayerobj.cpp(728): warning C4244: 'initializing' : conversion from 'double' to 'float', possible loss of data
     1>c:\prog\fsd\x-ivap-code - pruebas\sdk\multiplayer\src\xpmpmultiplayerobj.cpp(729): warning C4244: 'initializing' : conversion from 'double' to 'float', possible loss of data
     1>c:\prog\fsd\x-ivap-code - pruebas\sdk\multiplayer\src\xpmpmultiplayerobj.cpp(758): warning C4244: 'argument' : conversion from 'double' to 'GLfloat', possible loss of data
     1>c:\prog\fsd\x-ivap-code - pruebas\sdk\multiplayer\src\xpmpmultiplayerobj.cpp(759): warning C4244: 'argument' : conversion from 'double' to 'GLfloat', possible loss of data
     1>c:\prog\fsd\x-ivap-code - pruebas\sdk\multiplayer\src\xpmpmultiplayerobj.cpp(760): warning C4244: 'argument' : conversion from 'double' to 'GLfloat', possible loss of data
     1>c:\prog\fsd\x-ivap-code - pruebas\sdk\multiplayer\src\xpmpmultiplayerobj.cpp(761): warning C4244: 'argument' : conversion from 'double' to 'GLfloat', possible loss of data
     1>c:\prog\fsd\x-ivap-code - pruebas\sdk\multiplayer\src\xpmpmultiplayerobj.cpp(771): warning C4244: 'argument' : conversion from 'double' to 'GLfloat', possible loss of data
     1>c:\prog\fsd\x-ivap-code - pruebas\sdk\multiplayer\src\xpmpmultiplayerobj.cpp(772): warning C4244: 'argument' : conversion from 'double' to 'GLfloat', possible loss of data
     1>c:\prog\fsd\x-ivap-code - pruebas\sdk\multiplayer\src\xpmpmultiplayerobj.cpp(773): warning C4244: 'argument' : conversion from 'double' to 'GLfloat', possible loss of data
     1>c:\prog\fsd\x-ivap-code - pruebas\sdk\multiplayer\src\xpmpmultiplayerobj.cpp(774): warning C4244: 'argument' : conversion from 'double' to 'GLfloat', possible loss of data
     1>c:\prog\fsd\x-ivap-code - pruebas\sdk\multiplayer\src\xpmpmultiplayerobj.cpp(785): warning C4244: 'argument' : conversion from 'double' to 'GLfloat', possible loss of data
     1>c:\prog\fsd\x-ivap-code - pruebas\sdk\multiplayer\src\xpmpmultiplayerobj.cpp(786): warning C4244: 'argument' : conversion from 'double' to 'GLfloat', possible loss of data
     1>c:\prog\fsd\x-ivap-code - pruebas\sdk\multiplayer\src\xpmpmultiplayerobj.cpp(787): warning C4244: 'argument' : conversion from 'double' to 'GLfloat', possible loss of data
     1>c:\prog\fsd\x-ivap-code - pruebas\sdk\multiplayer\src\xpmpmultiplayerobj.cpp(788): warning C4244: 'argument' : conversion from 'double' to 'GLfloat', possible loss of data
     1>c:\prog\fsd\x-ivap-code - pruebas\sdk\multiplayer\src\xpmpmultiplayerobj.cpp(799): warning C4244: 'argument' : conversion from 'double' to 'GLfloat', possible loss of data
     1>c:\prog\fsd\x-ivap-code - pruebas\sdk\multiplayer\src\xpmpmultiplayerobj.cpp(800): warning C4244: 'argument' : conversion from 'double' to 'GLfloat', possible loss of data
     1>c:\prog\fsd\x-ivap-code - pruebas\sdk\multiplayer\src\xpmpmultiplayerobj.cpp(801): warning C4244: 'argument' : conversion from 'double' to 'GLfloat', possible loss of data
     1>c:\prog\fsd\x-ivap-code - pruebas\sdk\multiplayer\src\xpmpmultiplayerobj.cpp(802): warning C4244: 'argument' : conversion from 'double' to 'GLfloat', possible loss of data
     1>c:\prog\fsd\x-ivap-code - pruebas\sdk\multiplayer\src\xpmpmultiplayerobj.cpp(821): warning C4244: '=' : conversion from 'double' to 'float', possible loss of data
     1>c:\prog\fsd\x-ivap-code - pruebas\sdk\multiplayer\src\xpmpmultiplayerobj.cpp(823): warning C4244: 'argument' : conversion from 'double' to 'GLfloat', possible loss of data
     1>c:\prog\fsd\x-ivap-code - pruebas\sdk\multiplayer\src\xpmpmultiplayerobj.cpp(824): warning C4244: 'argument' : conversion from 'double' to 'GLfloat', possible loss of data
     1>c:\prog\fsd\x-ivap-code - pruebas\sdk\multiplayer\src\xpmpmultiplayerobj.cpp(825): warning C4244: 'argument' : conversion from 'double' to 'GLfloat', possible loss of data
     1>c:\prog\fsd\x-ivap-code - pruebas\sdk\multiplayer\src\xpmpmultiplayerobj.cpp(826): warning C4244: 'argument' : conversion from 'double' to 'GLfloat', possible loss of data
     1>c:\prog\fsd\x-ivap-code - pruebas\sdk\multiplayer\src\xpmpmultiplayerobj.cpp(834): warning C4244: 'argument' : conversion from 'double' to 'GLfloat', possible loss of data
     1>c:\prog\fsd\x-ivap-code - pruebas\sdk\multiplayer\src\xpmpmultiplayerobj.cpp(835): warning C4244: 'argument' : conversion from 'double' to 'GLfloat', possible loss of data
     1>c:\prog\fsd\x-ivap-code - pruebas\sdk\multiplayer\src\xpmpmultiplayerobj.cpp(836): warning C4244: 'argument' : conversion from 'double' to 'GLfloat', possible loss of data
     1>c:\prog\fsd\x-ivap-code - pruebas\sdk\multiplayer\src\xpmpmultiplayerobj.cpp(837): warning C4244: 'argument' : conversion from 'double' to 'GLfloat', possible loss of data
     1>c:\prog\fsd\x-ivap-code - pruebas\sdk\multiplayer\src\xpmpmultiplayerobj.cpp(838): warning C4244: 'argument' : conversion from 'double' to 'GLfloat', possible loss of data
         XPMPMultiplayerCSL.cpp
     1>c:\prog\fsd\x-ivap-code - pruebas\sdk\multiplayer\src\xpmpmultiplayercsl.cpp(89): warning C4996: 'sprintf': This function or variable may be unsafe. Consider using sprintf_s instead. To disable deprecation, use _CRT_SECURE_NO_WARNINGS. See online help for details.
                 c:\program files (x86)\microsoft visual studio 11.0\vc\include\stdio.h(357) : see declaration of 'sprintf'
     1>c:\prog\fsd\x-ivap-code - pruebas\sdk\multiplayer\src\xpmpmultiplayercsl.cpp(106): warning C4996: 'sprintf': This function or variable may be unsafe. Consider using sprintf_s instead. To disable deprecation, use _CRT_SECURE_NO_WARNINGS. See online help for details.
                 c:\program files (x86)\microsoft visual studio 11.0\vc\include\stdio.h(357) : see declaration of 'sprintf'
     1>c:\prog\fsd\x-ivap-code - pruebas\sdk\multiplayer\src\xpmpmultiplayercsl.cpp(246): warning C4996: 'fopen': This function or variable may be unsafe. Consider using fopen_s instead. To disable deprecation, use _CRT_SECURE_NO_WARNINGS. See online help for details.
                 c:\program files (x86)\microsoft visual studio 11.0\vc\include\stdio.h(218) : see declaration of 'fopen'
     1>c:\prog\fsd\x-ivap-code - pruebas\sdk\multiplayer\src\xpmpmultiplayercsl.cpp(566): warning C4996: 'fopen': This function or variable may be unsafe. Consider using fopen_s instead. To disable deprecation, use _CRT_SECURE_NO_WARNINGS. See online help for details.
                 c:\program files (x86)\microsoft visual studio 11.0\vc\include\stdio.h(218) : see declaration of 'fopen'
     1>c:\prog\fsd\x-ivap-code - pruebas\sdk\multiplayer\src\xpmpmultiplayercsl.cpp(624): warning C4996: 'fopen': This function or variable may be unsafe. Consider using fopen_s instead. To disable deprecation, use _CRT_SECURE_NO_WARNINGS. See online help for details.
                 c:\program files (x86)\microsoft visual studio 11.0\vc\include\stdio.h(218) : see declaration of 'fopen'
     1>c:\prog\fsd\x-ivap-code - pruebas\sdk\multiplayer\src\xpmpmultiplayercsl.cpp(635): warning C4018: '<' : signed/unsigned mismatch
     1>c:\prog\fsd\x-ivap-code - pruebas\sdk\multiplayer\src\xpmpmultiplayercsl.cpp(640): warning C4018: '<' : signed/unsigned mismatch
     1>c:\prog\fsd\x-ivap-code - pruebas\sdk\multiplayer\src\xpmpmultiplayercsl.cpp(664): warning C4996: 'strcpy': This function or variable may be unsafe. Consider using strcpy_s instead. To disable deprecation, use _CRT_SECURE_NO_WARNINGS. See online help for details.
                 c:\program files (x86)\microsoft visual studio 11.0\vc\include\string.h(110) : see declaration of 'strcpy'
     1>c:\prog\fsd\x-ivap-code - pruebas\sdk\multiplayer\src\xpmpmultiplayercsl.cpp(669): warning C4996: 'sprintf': This function or variable may be unsafe. Consider using sprintf_s instead. To disable deprecation, use _CRT_SECURE_NO_WARNINGS. See online help for details.
                 c:\program files (x86)\microsoft visual studio 11.0\vc\include\stdio.h(357) : see declaration of 'sprintf'
     1>c:\prog\fsd\x-ivap-code - pruebas\sdk\multiplayer\src\xpmpmultiplayercsl.cpp(688): warning C4018: '<' : signed/unsigned mismatch
     1>c:\prog\fsd\x-ivap-code - pruebas\sdk\multiplayer\src\xpmpmultiplayercsl.cpp(741): warning C4996: 'sprintf': This function or variable may be unsafe. Consider using sprintf_s instead. To disable deprecation, use _CRT_SECURE_NO_WARNINGS. See online help for details.
                 c:\program files (x86)\microsoft visual studio 11.0\vc\include\stdio.h(357) : see declaration of 'sprintf'
     1>c:\prog\fsd\x-ivap-code - pruebas\sdk\multiplayer\src\xpmpmultiplayercsl.cpp(765): warning C4996: 'sprintf': This function or variable may be unsafe. Consider using sprintf_s instead. To disable deprecation, use _CRT_SECURE_NO_WARNINGS. See online help for details.
                 c:\program files (x86)\microsoft visual studio 11.0\vc\include\stdio.h(357) : see declaration of 'sprintf'
     1>c:\prog\fsd\x-ivap-code - pruebas\sdk\multiplayer\src\xpmpmultiplayercsl.cpp(770): warning C4018: '<' : signed/unsigned mismatch
     1>c:\prog\fsd\x-ivap-code - pruebas\sdk\multiplayer\src\xpmpmultiplayercsl.cpp(783): warning C4996: 'sprintf': This function or variable may be unsafe. Consider using sprintf_s instead. To disable deprecation, use _CRT_SECURE_NO_WARNINGS. See online help for details.
                 c:\program files (x86)\microsoft visual studio 11.0\vc\include\stdio.h(357) : see declaration of 'sprintf'
     1>c:\prog\fsd\x-ivap-code - pruebas\sdk\multiplayer\src\xpmpmultiplayercsl.cpp(837): warning C4018: '<' : signed/unsigned mismatch
     1>c:\prog\fsd\x-ivap-code - pruebas\sdk\multiplayer\src\xpmpmultiplayercsl.cpp(900): warning C4018: '<' : signed/unsigned mismatch
     1>c:\prog\fsd\x-ivap-code - pruebas\sdk\multiplayer\src\xpmpmultiplayercsl.cpp(903): warning C4018: '<' : signed/unsigned mismatch
     1>c:\prog\fsd\x-ivap-code - pruebas\sdk\multiplayer\src\xpmpmultiplayercsl.cpp(967): warning C4244: 'argument' : conversion from 'double' to 'GLfloat', possible loss of data
     1>c:\prog\fsd\x-ivap-code - pruebas\sdk\multiplayer\src\xpmpmultiplayercsl.cpp(968): warning C4244: 'argument' : conversion from 'double' to 'GLfloat', possible loss of data
     1>c:\prog\fsd\x-ivap-code - pruebas\sdk\multiplayer\src\xpmpmultiplayercsl.cpp(969): warning C4244: 'argument' : conversion from 'double' to 'GLfloat', possible loss of data
     1>c:\prog\fsd\x-ivap-code - pruebas\sdk\multiplayer\src\xpmpmultiplayercsl.cpp(970): warning C4244: 'argument' : conversion from 'double' to 'GLfloat', possible loss of data
     1>c:\prog\fsd\x-ivap-code - pruebas\sdk\multiplayer\src\xpmpmultiplayercsl.cpp(984): warning C4244: 'argument' : conversion from 'double' to 'float', possible loss of data
         XPMPMultiplayer.cpp
     1>c:\prog\fsd\x-ivap-code - pruebas\sdk\multiplayer\src\xpmpmultiplayer.cpp(120): warning C4101: 'fi' : unreferenced local variable
     1>c:\prog\fsd\x-ivap-code - pruebas\sdk\multiplayer\src\xpmpmultiplayer.cpp(118): warning C4101: 'line' : unreferenced local variable
     1>c:\prog\fsd\x-ivap-code - pruebas\sdk\multiplayer\src\xpmpmultiplayer.cpp(117): warning C4101: 'airPath' : unreferenced local variable
     1>c:\prog\fsd\x-ivap-code - pruebas\sdk\multiplayer\src\xpmpmultiplayer.cpp(116): warning C4101: 'myPath' : unreferenced local variable
     1>c:\prog\fsd\x-ivap-code - pruebas\sdk\multiplayer\src\xpmpmultiplayer.cpp(119): warning C4101: 'sysPath' : unreferenced local variable
     1>c:\prog\fsd\x-ivap-code - pruebas\sdk\multiplayer\src\xpmpmultiplayer.cpp(164): warning C4018: '<' : signed/unsigned mismatch
     1>c:\prog\fsd\x-ivap-code - pruebas\sdk\multiplayer\src\xpmpmultiplayer.cpp(166): warning C4018: '<' : signed/unsigned mismatch
     1>c:\prog\fsd\x-ivap-code - pruebas\sdk\multiplayer\src\xpmpmultiplayer.cpp(172): warning C4996: 'strcpy': This function or variable may be unsafe. Consider using strcpy_s instead. To disable deprecation, use _CRT_SECURE_NO_WARNINGS. See online help for details.
                 c:\program files (x86)\microsoft visual studio 11.0\vc\include\string.h(110) : see declaration of 'strcpy'
     1>c:\prog\fsd\x-ivap-code - pruebas\sdk\multiplayer\src\xpmpmultiplayer.cpp(182): warning C4018: '<' : signed/unsigned mismatch
     1>c:\prog\fsd\x-ivap-code - pruebas\sdk\multiplayer\src\xpmpmultiplayer.cpp(222): warning C4018: '>' : signed/unsigned mismatch
     1>c:\prog\fsd\x-ivap-code - pruebas\sdk\multiplayer\src\xpmpmultiplayer.cpp(335): warning C4018: '>=' : signed/unsigned mismatch
     1>c:\prog\fsd\x-ivap-code - pruebas\sdk\multiplayer\src\xpmpmultiplayer.cpp(352): warning C4996: 'strcpy': This function or variable may be unsafe. Consider using strcpy_s instead. To disable deprecation, use _CRT_SECURE_NO_WARNINGS. See online help for details.
                 c:\program files (x86)\microsoft visual studio 11.0\vc\include\string.h(110) : see declaration of 'strcpy'
     1>c:\prog\fsd\x-ivap-code - pruebas\sdk\multiplayer\src\xpmpmultiplayer.cpp(354): warning C4996: 'strcpy': This function or variable may be unsafe. Consider using strcpy_s instead. To disable deprecation, use _CRT_SECURE_NO_WARNINGS. See online help for details.
                 c:\program files (x86)\microsoft visual studio 11.0\vc\include\string.h(110) : see declaration of 'strcpy'
         XOGLUtils.cpp
         XObjReadWrite.cpp
     1>c:\prog\fsd\x-ivap-code - pruebas\sdk\multiplayer\src\xobjreadwrite.cpp(325): warning C4018: '>' : signed/unsigned mismatch
     1>c:\prog\fsd\x-ivap-code - pruebas\sdk\multiplayer\src\xobjreadwrite.cpp(348): warning C4996: 'fopen': This function or variable may be unsafe. Consider using fopen_s instead. To disable deprecation, use _CRT_SECURE_NO_WARNINGS. See online help for details.
                 c:\program files (x86)\microsoft visual studio 11.0\vc\include\stdio.h(218) : see declaration of 'fopen'
         XObjDefs.cpp
         PlatformUtils.win.cpp
     1>c:\prog\fsd\x-ivap-code - pruebas\sdk\multiplayer\src\platformutils.win.cpp(93): warning C4996: 'strcat': This function or variable may be unsafe. Consider using strcat_s instead. To disable deprecation, use _CRT_SECURE_NO_WARNINGS. See online help for details.
                 c:\program files (x86)\microsoft visual studio 11.0\vc\include\string.h(115) : see declaration of 'strcat'
     1>c:\prog\fsd\x-ivap-code - pruebas\sdk\multiplayer\src\platformutils.win.cpp(147): warning C4996: 'strcpy': This function or variable may be unsafe. Consider using strcpy_s instead. To disable deprecation, use _CRT_SECURE_NO_WARNINGS. See online help for details.
                 c:\program files (x86)\microsoft visual studio 11.0\vc\include\string.h(110) : see declaration of 'strcpy'
     1>c:\prog\fsd\x-ivap-code - pruebas\sdk\multiplayer\src\platformutils.win.cpp(218): warning C4244: 'initializing' : conversion from 'double' to 'int', possible loss of data
         BitmapUtils.cpp
     1>c:\prog\fsd\x-ivap-code - pruebas\sdk\multiplayer\src\bitmaputils.cpp(84): warning C4996: 'fopen': This function or variable may be unsafe. Consider using fopen_s instead. To disable deprecation, use _CRT_SECURE_NO_WARNINGS. See online help for details.
                 c:\program files (x86)\microsoft visual studio 11.0\vc\include\stdio.h(218) : see declaration of 'fopen'
     1>c:\prog\fsd\x-ivap-code - pruebas\sdk\multiplayer\src\bitmaputils.cpp(189): warning C4996: 'fopen': This function or variable may be unsafe. Consider using fopen_s instead. To disable deprecation, use _CRT_SECURE_NO_WARNINGS. See online help for details.
                 c:\program files (x86)\microsoft visual studio 11.0\vc\include\stdio.h(218) : see declaration of 'fopen'
     1>c:\prog\fsd\x-ivap-code - pruebas\sdk\multiplayer\src\bitmaputils.cpp(636): warning C4068: unknown pragma
     1>c:\prog\fsd\x-ivap-code - pruebas\sdk\multiplayer\src\bitmaputils.cpp(887): warning C4996: 'fopen': This function or variable may be unsafe. Consider using fopen_s instead. To disable deprecation, use _CRT_SECURE_NO_WARNINGS. See online help for details.
                 c:\program files (x86)\microsoft visual studio 11.0\vc\include\stdio.h(218) : see declaration of 'fopen'
     1>c:\prog\fsd\x-ivap-code - pruebas\sdk\multiplayer\src\bitmaputils.cpp(950): warning C4018: '<' : signed/unsigned mismatch
         TexUtils.cpp
     1>c:\prog\fsd\x-ivap-code - pruebas\sdk\multiplayer\src\texutils.cpp(243): warning C4996: 'sprintf': This function or variable may be unsafe. Consider using sprintf_s instead. To disable deprecation, use _CRT_SECURE_NO_WARNINGS. See online help for details.
                 c:\program files (x86)\microsoft visual studio 11.0\vc\include\stdio.h(357) : see declaration of 'sprintf'
         XPmessageBox.cpp
         xivapWin.cpp
         xivap.cpp
     1>c:\prog\fsd\x-ivap-code - pruebas\src\xivap\xivap.cpp(380): warning C4996: 'fopen': This function or variable may be unsafe. Consider using fopen_s instead. To disable deprecation, use _CRT_SECURE_NO_WARNINGS. See online help for details.
                 c:\program files (x86)\microsoft visual studio 11.0\vc\include\stdio.h(218) : see declaration of 'fopen'
         Generating Code...
         Compiling...
         WristWatch.cpp
         weatherPosition.cpp
     1>c:\prog\fsd\x-ivap-code - pruebas\src\xivap\weatherposition.cpp(375): warning C4996: 'fopen': This function or variable may be unsafe. Consider using fopen_s instead. To disable deprecation, use _CRT_SECURE_NO_WARNINGS. See online help for details.
                 c:\program files (x86)\microsoft visual studio 11.0\vc\include\stdio.h(218) : see declaration of 'fopen'
         weatherGod.cpp
     1>c:\prog\fsd\x-ivap-code - pruebas\src\xivap\weathergod.cpp(264): warning C4018: '<' : signed/unsigned mismatch
     1>c:\prog\fsd\x-ivap-code - pruebas\src\xivap\weathergod.cpp(246): warning C4101: 'text' : unreferenced local variable
     1>c:\prog\fsd\x-ivap-code - pruebas\src\xivap\weathergod.cpp(379): warning C4244: '=' : conversion from 'int' to 'float', possible loss of data
     1>c:\prog\fsd\x-ivap-code - pruebas\src\xivap\weathergod.cpp(397): warning C4244: '=' : conversion from 'int' to 'float', possible loss of data
     1>c:\prog\fsd\x-ivap-code - pruebas\src\xivap\weathergod.cpp(417): warning C4244: '=' : conversion from 'int' to 'float', possible loss of data
     1>c:\prog\fsd\x-ivap-code - pruebas\src\xivap\weathergod.cpp(430): warning C4244: '=' : conversion from 'int' to 'float', possible loss of data
         uiWindow.cpp
         TLVpacket.cpp
         TeamSpeak.cpp
         tcpsocket.cpp
         Tcas.cpp
     1>c:\prog\fsd\x-ivap-code - pruebas\src\xivap\tcas.cpp(245): warning C4996: 'strncpy': This function or variable may be unsafe. Consider using strncpy_s instead. To disable deprecation, use _CRT_SECURE_NO_WARNINGS. See online help for details.
                 c:\program files (x86)\microsoft visual studio 11.0\vc\include\string.h(191) : see declaration of 'strncpy'
     1>c:\prog\fsd\x-ivap-code - pruebas\src\xivap\tcas.cpp(325): warning C4996: 'sprintf': This function or variable may be unsafe. Consider using sprintf_s instead. To disable deprecation, use _CRT_SECURE_NO_WARNINGS. See online help for details.
                 c:\program files (x86)\microsoft visual studio 11.0\vc\include\stdio.h(357) : see declaration of 'sprintf'
     1>c:\prog\fsd\x-ivap-code - pruebas\src\xivap\tcas.cpp(422): warning C4244: '=' : conversion from 'float' to 'int', possible loss of data
     1>c:\prog\fsd\x-ivap-code - pruebas\src\xivap\tcas.cpp(423): warning C4244: '=' : conversion from 'float' to 'int', possible loss of data
     1>c:\prog\fsd\x-ivap-code - pruebas\src\xivap\tcas.cpp(424): warning C4244: '=' : conversion from 'float' to 'int', possible loss of data
     1>c:\prog\fsd\x-ivap-code - pruebas\src\xivap\tcas.cpp(425): warning C4244: '=' : conversion from 'float' to 'int', possible loss of data
     1>c:\prog\fsd\x-ivap-code - pruebas\src\xivap\tcas.cpp(426): warning C4244: '=' : conversion from 'float' to 'int', possible loss of data
     1>c:\prog\fsd\x-ivap-code - pruebas\src\xivap\tcas.cpp(448): warning C4996: 'sprintf': This function or variable may be unsafe. Consider using sprintf_s instead. To disable deprecation, use _CRT_SECURE_NO_WARNINGS. See online help for details.
                 c:\program files (x86)\microsoft visual studio 11.0\vc\include\stdio.h(357) : see declaration of 'sprintf'
     1>c:\prog\fsd\x-ivap-code - pruebas\src\xivap\tcas.cpp(453): warning C4996: 'strcpy': This function or variable may be unsafe. Consider using strcpy_s instead. To disable deprecation, use _CRT_SECURE_NO_WARNINGS. See online help for details.
                 c:\program files (x86)\microsoft visual studio 11.0\vc\include\string.h(110) : see declaration of 'strcpy'
     1>c:\prog\fsd\x-ivap-code - pruebas\src\xivap\tcas.cpp(454): warning C4996: 'strcpy': This function or variable may be unsafe. Consider using strcpy_s instead. To disable deprecation, use _CRT_SECURE_NO_WARNINGS. See online help for details.
                 c:\program files (x86)\microsoft visual studio 11.0\vc\include\string.h(110) : see declaration of 'strcpy'
     1>c:\prog\fsd\x-ivap-code - pruebas\src\xivap\tcas.cpp(455): warning C4996: 'strcpy': This function or variable may be unsafe. Consider using strcpy_s instead. To disable deprecation, use _CRT_SECURE_NO_WARNINGS. See online help for details.
                 c:\program files (x86)\microsoft visual studio 11.0\vc\include\string.h(110) : see declaration of 'strcpy'
     1>c:\prog\fsd\x-ivap-code - pruebas\src\xivap\tcas.cpp(461): warning C4996: 'strcpy': This function or variable may be unsafe. Consider using strcpy_s instead. To disable deprecation, use _CRT_SECURE_NO_WARNINGS. See online help for details.
                 c:\program files (x86)\microsoft visual studio 11.0\vc\include\string.h(110) : see declaration of 'strcpy'
     1>c:\prog\fsd\x-ivap-code - pruebas\src\xivap\tcas.cpp(462): warning C4996: 'strcpy': This function or variable may be unsafe. Consider using strcpy_s instead. To disable deprecation, use _CRT_SECURE_NO_WARNINGS. See online help for details.
                 c:\program files (x86)\microsoft visual studio 11.0\vc\include\string.h(110) : see declaration of 'strcpy'
     1>c:\prog\fsd\x-ivap-code - pruebas\src\xivap\tcas.cpp(463): warning C4996: 'strcpy': This function or variable may be unsafe. Consider using strcpy_s instead. To disable deprecation, use _CRT_SECURE_NO_WARNINGS. See online help for details.
                 c:\program files (x86)\microsoft visual studio 11.0\vc\include\string.h(110) : see declaration of 'strcpy'
     1>c:\prog\fsd\x-ivap-code - pruebas\src\xivap\tcas.cpp(464): warning C4996: 'strcpy': This function or variable may be unsafe. Consider using strcpy_s instead. To disable deprecation, use _CRT_SECURE_NO_WARNINGS. See online help for details.
                 c:\program files (x86)\microsoft visual studio 11.0\vc\include\string.h(110) : see declaration of 'strcpy'
     1>c:\prog\fsd\x-ivap-code - pruebas\src\xivap\tcas.cpp(467): warning C4996: 'strcpy': This function or variable may be unsafe. Consider using strcpy_s instead. To disable deprecation, use _CRT_SECURE_NO_WARNINGS. See online help for details.
                 c:\program files (x86)\microsoft visual studio 11.0\vc\include\string.h(110) : see declaration of 'strcpy'
     1>c:\prog\fsd\x-ivap-code - pruebas\src\xivap\tcas.cpp(471): warning C4996: 'sprintf': This function or variable may be unsafe. Consider using sprintf_s instead. To disable deprecation, use _CRT_SECURE_NO_WARNINGS. See online help for details.
                 c:\program files (x86)\microsoft visual studio 11.0\vc\include\stdio.h(357) : see declaration of 'sprintf'
     1>c:\prog\fsd\x-ivap-code - pruebas\src\xivap\tcas.cpp(475): warning C4996: 'sprintf': This function or variable may be unsafe. Consider using sprintf_s instead. To disable deprecation, use _CRT_SECURE_NO_WARNINGS. See online help for details.
                 c:\program files (x86)\microsoft visual studio 11.0\vc\include\stdio.h(357) : see declaration of 'sprintf'
     1>c:\prog\fsd\x-ivap-code - pruebas\src\xivap\tcas.cpp(476): warning C4996: 'sprintf': This function or variable may be unsafe. Consider using sprintf_s instead. To disable deprecation, use _CRT_SECURE_NO_WARNINGS. See online help for details.
                 c:\program files (x86)\microsoft visual studio 11.0\vc\include\stdio.h(357) : see declaration of 'sprintf'
         systemcallbacks.cpp
     1>c:\prog\fsd\x-ivap-code - pruebas\src\xivap\systemcallbacks.cpp(31): warning C4996: 'strcpy': This function or variable may be unsafe. Consider using strcpy_s instead. To disable deprecation, use _CRT_SECURE_NO_WARNINGS. See online help for details.
                 c:\program files (x86)\microsoft visual studio 11.0\vc\include\string.h(110) : see declaration of 'strcpy'
     1>c:\prog\fsd\x-ivap-code - pruebas\src\xivap\systemcallbacks.cpp(32): warning C4996: 'strcpy': This function or variable may be unsafe. Consider using strcpy_s instead. To disable deprecation, use _CRT_SECURE_NO_WARNINGS. See online help for details.
                 c:\program files (x86)\microsoft visual studio 11.0\vc\include\string.h(110) : see declaration of 'strcpy'
     1>c:\prog\fsd\x-ivap-code - pruebas\src\xivap\systemcallbacks.cpp(35): warning C4996: 'strcpy': This function or variable may be unsafe. Consider using strcpy_s instead. To disable deprecation, use _CRT_SECURE_NO_WARNINGS. See online help for details.
                 c:\program files (x86)\microsoft visual studio 11.0\vc\include\string.h(110) : see declaration of 'strcpy'
         stb_image_aug.cpp
     1>c:\prog\fsd\x-ivap-code - pruebas\src\xivap\stb_image_aug.cpp(177): warning C4996: 'fopen': This function or variable may be unsafe. Consider using fopen_s instead. To disable deprecation, use _CRT_SECURE_NO_WARNINGS. See online help for details.
                 c:\program files (x86)\microsoft visual studio 11.0\vc\include\stdio.h(218) : see declaration of 'fopen'
     1>c:\prog\fsd\x-ivap-code - pruebas\src\xivap\stb_image_aug.cpp(251): warning C4996: 'fopen': This function or variable may be unsafe. Consider using fopen_s instead. To disable deprecation, use _CRT_SECURE_NO_WARNINGS. See online help for details.
                 c:\program files (x86)\microsoft visual studio 11.0\vc\include\stdio.h(218) : see declaration of 'fopen'
     1>c:\prog\fsd\x-ivap-code - pruebas\src\xivap\stb_image_aug.cpp(303): warning C4996: 'fopen': This function or variable may be unsafe. Consider using fopen_s instead. To disable deprecation, use _CRT_SECURE_NO_WARNINGS. See online help for details.
                 c:\program files (x86)\microsoft visual studio 11.0\vc\include\stdio.h(218) : see declaration of 'fopen'
     1>c:\prog\fsd\x-ivap-code - pruebas\src\xivap\stb_image_aug.cpp(1557): warning C4996: 'fopen': This function or variable may be unsafe. Consider using fopen_s instead. To disable deprecation, use _CRT_SECURE_NO_WARNINGS. See online help for details.
                 c:\program files (x86)\microsoft visual studio 11.0\vc\include\stdio.h(218) : see declaration of 'fopen'
     1>c:\prog\fsd\x-ivap-code - pruebas\src\xivap\stb_image_aug.cpp(2394): warning C4996: 'fopen': This function or variable may be unsafe. Consider using fopen_s instead. To disable deprecation, use _CRT_SECURE_NO_WARNINGS. See online help for details.
                 c:\program files (x86)\microsoft visual studio 11.0\vc\include\stdio.h(218) : see declaration of 'fopen'
     1>c:\prog\fsd\x-ivap-code - pruebas\src\xivap\stb_image_aug.cpp(2709): warning C4996: 'fopen': This function or variable may be unsafe. Consider using fopen_s instead. To disable deprecation, use _CRT_SECURE_NO_WARNINGS. See online help for details.
                 c:\program files (x86)\microsoft visual studio 11.0\vc\include\stdio.h(218) : see declaration of 'fopen'
     1>c:\prog\fsd\x-ivap-code - pruebas\src\xivap\stb_image_aug.cpp(2995): warning C4996: 'fopen': This function or variable may be unsafe. Consider using fopen_s instead. To disable deprecation, use _CRT_SECURE_NO_WARNINGS. See online help for details.
                 c:\program files (x86)\microsoft visual studio 11.0\vc\include\stdio.h(218) : see declaration of 'fopen'
     1>c:\prog\fsd\x-ivap-code - pruebas\src\xivap\stb_image_aug.cpp(3209): warning C4996: 'fopen': This function or variable may be unsafe. Consider using fopen_s instead. To disable deprecation, use _CRT_SECURE_NO_WARNINGS. See online help for details.
                 c:\program files (x86)\microsoft visual studio 11.0\vc\include\stdio.h(218) : see declaration of 'fopen'
     1>c:\prog\fsd\x-ivap-code - pruebas\src\xivap\stb_image_aug.cpp(3548): warning C4996: 'fopen': This function or variable may be unsafe. Consider using fopen_s instead. To disable deprecation, use _CRT_SECURE_NO_WARNINGS. See online help for details.
                 c:\program files (x86)\microsoft visual studio 11.0\vc\include\stdio.h(218) : see declaration of 'fopen'
     1>c:\prog\fsd\x-ivap-code - pruebas\src\xivap\stb_image_aug.cpp(3644): warning C4996: 'fopen': This function or variable may be unsafe. Consider using fopen_s instead. To disable deprecation, use _CRT_SECURE_NO_WARNINGS. See online help for details.
                 c:\program files (x86)\microsoft visual studio 11.0\vc\include\stdio.h(218) : see declaration of 'fopen'
     1>c:\prog\fsd\x-ivap-code - pruebas\src\xivap\stbi_dds_aug_c.h(362): warning C4018: '>' : signed/unsigned mismatch
     1>c:\prog\fsd\x-ivap-code - pruebas\src\xivap\stbi_dds_aug_c.h(366): warning C4018: '>' : signed/unsigned mismatch
     1>c:\prog\fsd\x-ivap-code - pruebas\src\xivap\stbi_dds_aug_c.h(390): warning C4018: '<' : signed/unsigned mismatch
     1>c:\prog\fsd\x-ivap-code - pruebas\src\xivap\stbi_dds_aug_c.h(427): warning C4018: '<' : signed/unsigned mismatch
     1>c:\prog\fsd\x-ivap-code - pruebas\src\xivap\stbi_dds_aug_c.h(498): warning C4996: 'fopen': This function or variable may be unsafe. Consider using fopen_s instead. To disable deprecation, use _CRT_SECURE_NO_WARNINGS. See online help for details.
                 c:\program files (x86)\microsoft visual studio 11.0\vc\include\stdio.h(218) : see declaration of 'fopen'
         SoundGraphics.cpp
     1>c:\prog\fsd\x-ivap-code - pruebas\src\xivap\soundgraphics.cpp(146): warning C4996: 'strcat': This function or variable may be unsafe. Consider using strcat_s instead. To disable deprecation, use _CRT_SECURE_NO_WARNINGS. See online help for details.
                 c:\program files (x86)\microsoft visual studio 11.0\vc\include\string.h(115) : see declaration of 'strcat'
     1>c:\prog\fsd\x-ivap-code - pruebas\src\xivap\soundgraphics.cpp(147): warning C4996: 'strcat': This function or variable may be unsafe. Consider using strcat_s instead. To disable deprecation, use _CRT_SECURE_NO_WARNINGS. See online help for details.
                 c:\program files (x86)\microsoft visual studio 11.0\vc\include\string.h(115) : see declaration of 'strcat'
     1>c:\prog\fsd\x-ivap-code - pruebas\src\xivap\soundgraphics.cpp(148): warning C4996: 'strcat': This function or variable may be unsafe. Consider using strcat_s instead. To disable deprecation, use _CRT_SECURE_NO_WARNINGS. See online help for details.
                 c:\program files (x86)\microsoft visual studio 11.0\vc\include\string.h(115) : see declaration of 'strcat'
     1>c:\prog\fsd\x-ivap-code - pruebas\src\xivap\soundgraphics.cpp(149): warning C4996: 'strcat': This function or variable may be unsafe. Consider using strcat_s instead. To disable deprecation, use _CRT_SECURE_NO_WARNINGS. See online help for details.
                 c:\program files (x86)\microsoft visual studio 11.0\vc\include\string.h(115) : see declaration of 'strcat'
     1>c:\prog\fsd\x-ivap-code - pruebas\src\xivap\soundgraphics.cpp(150): warning C4996: 'strcat': This function or variable may be unsafe. Consider using strcat_s instead. To disable deprecation, use _CRT_SECURE_NO_WARNINGS. See online help for details.
                 c:\program files (x86)\microsoft visual studio 11.0\vc\include\string.h(115) : see declaration of 'strcat'
     1>c:\prog\fsd\x-ivap-code - pruebas\src\xivap\soundgraphics.cpp(151): warning C4996: 'strcat': This function or variable may be unsafe. Consider using strcat_s instead. To disable deprecation, use _CRT_SECURE_NO_WARNINGS. See online help for details.
                 c:\program files (x86)\microsoft visual studio 11.0\vc\include\string.h(115) : see declaration of 'strcat'
     1>c:\prog\fsd\x-ivap-code - pruebas\src\xivap\soundgraphics.cpp(160): warning C4996: 'strcpy': This function or variable may be unsafe. Consider using strcpy_s instead. To disable deprecation, use _CRT_SECURE_NO_WARNINGS. See online help for details.
                 c:\program files (x86)\microsoft visual studio 11.0\vc\include\string.h(110) : see declaration of 'strcpy'
     1>c:\prog\fsd\x-ivap-code - pruebas\src\xivap\soundgraphics.cpp(161): warning C4996: 'strcat': This function or variable may be unsafe. Consider using strcat_s instead. To disable deprecation, use _CRT_SECURE_NO_WARNINGS. See online help for details.
                 c:\program files (x86)\microsoft visual studio 11.0\vc\include\string.h(115) : see declaration of 'strcat'
     1>c:\prog\fsd\x-ivap-code - pruebas\src\xivap\soundgraphics.cpp(162): warning C4996: 'strcat': This function or variable may be unsafe. Consider using strcat_s instead. To disable deprecation, use _CRT_SECURE_NO_WARNINGS. See online help for details.
                 c:\program files (x86)\microsoft visual studio 11.0\vc\include\string.h(115) : see declaration of 'strcat'
     1>c:\prog\fsd\x-ivap-code - pruebas\src\xivap\soundgraphics.cpp(163): warning C4996: 'strcat': This function or variable may be unsafe. Consider using strcat_s instead. To disable deprecation, use _CRT_SECURE_NO_WARNINGS. See online help for details.
                 c:\program files (x86)\microsoft visual studio 11.0\vc\include\string.h(115) : see declaration of 'strcat'
     1>c:\prog\fsd\x-ivap-code - pruebas\src\xivap\soundgraphics.cpp(443): warning C4996: 'strcpy': This function or variable may be unsafe. Consider using strcpy_s instead. To disable deprecation, use _CRT_SECURE_NO_WARNINGS. See online help for details.
                 c:\program files (x86)\microsoft visual studio 11.0\vc\include\string.h(110) : see declaration of 'strcpy'
     1>c:\prog\fsd\x-ivap-code - pruebas\src\xivap\soundgraphics.cpp(444): warning C4996: 'strcat': This function or variable may be unsafe. Consider using strcat_s instead. To disable deprecation, use _CRT_SECURE_NO_WARNINGS. See online help for details.
                 c:\program files (x86)\microsoft visual studio 11.0\vc\include\string.h(115) : see declaration of 'strcat'
     1>c:\prog\fsd\x-ivap-code - pruebas\src\xivap\soundgraphics.cpp(445): warning C4996: 'strcat': This function or variable may be unsafe. Consider using strcat_s instead. To disable deprecation, use _CRT_SECURE_NO_WARNINGS. See online help for details.
                 c:\program files (x86)\microsoft visual studio 11.0\vc\include\string.h(115) : see declaration of 'strcat'
     1>c:\prog\fsd\x-ivap-code - pruebas\src\xivap\soundgraphics.cpp(446): warning C4996: 'strcat': This function or variable may be unsafe. Consider using strcat_s instead. To disable deprecation, use _CRT_SECURE_NO_WARNINGS. See online help for details.
                 c:\program files (x86)\microsoft visual studio 11.0\vc\include\string.h(115) : see declaration of 'strcat'
     1>c:\prog\fsd\x-ivap-code - pruebas\src\xivap\soundgraphics.cpp(494): warning C4996: 'strcpy': This function or variable may be unsafe. Consider using strcpy_s instead. To disable deprecation, use _CRT_SECURE_NO_WARNINGS. See online help for details.
                 c:\program files (x86)\microsoft visual studio 11.0\vc\include\string.h(110) : see declaration of 'strcpy'
     1>c:\prog\fsd\x-ivap-code - pruebas\src\xivap\soundgraphics.cpp(495): warning C4996: 'strcat': This function or variable may be unsafe. Consider using strcat_s instead. To disable deprecation, use _CRT_SECURE_NO_WARNINGS. See online help for details.
                 c:\program files (x86)\microsoft visual studio 11.0\vc\include\string.h(115) : see declaration of 'strcat'
     1>c:\prog\fsd\x-ivap-code - pruebas\src\xivap\soundgraphics.cpp(496): warning C4996: 'strcat': This function or variable may be unsafe. Consider using strcat_s instead. To disable deprecation, use _CRT_SECURE_NO_WARNINGS. See online help for details.
                 c:\program files (x86)\microsoft visual studio 11.0\vc\include\string.h(115) : see declaration of 'strcat'
     1>c:\prog\fsd\x-ivap-code - pruebas\src\xivap\soundgraphics.cpp(497): warning C4996: 'strcat': This function or variable may be unsafe. Consider using strcat_s instead. To disable deprecation, use _CRT_SECURE_NO_WARNINGS. See online help for details.
                 c:\program files (x86)\microsoft visual studio 11.0\vc\include\string.h(115) : see declaration of 'strcat'
     1>c:\prog\fsd\x-ivap-code - pruebas\src\xivap\soundgraphics.cpp(616): warning C4996: 'sprintf': This function or variable may be unsafe. Consider using sprintf_s instead. To disable deprecation, use _CRT_SECURE_NO_WARNINGS. See online help for details.
                 c:\program files (x86)\microsoft visual studio 11.0\vc\include\stdio.h(357) : see declaration of 'sprintf'
         refInspector.cpp
         planeposition.cpp
     1>c:\prog\fsd\x-ivap-code - pruebas\src\xivap\planeposition.cpp(118): warning C4244: '/=' : conversion from 'const double' to 'float', possible loss of data
     1>c:\prog\fsd\x-ivap-code - pruebas\src\xivap\planeposition.cpp(119): warning C4244: '/=' : conversion from 'const double' to 'float', possible loss of data
     1>c:\prog\fsd\x-ivap-code - pruebas\src\xivap\planeposition.cpp(120): warning C4244: '/=' : conversion from 'const double' to 'float', possible loss of data
     1>c:\prog\fsd\x-ivap-code - pruebas\src\xivap\planeposition.cpp(122): warning C4244: '/=' : conversion from 'const double' to 'UInt32', possible loss of data
     1>c:\prog\fsd\x-ivap-code - pruebas\src\xivap\planeposition.cpp(123): warning C4244: '/=' : conversion from 'const double' to 'UInt32', possible loss of data
     1>c:\prog\fsd\x-ivap-code - pruebas\src\xivap\planeposition.cpp(124): warning C4244: '/=' : conversion from 'const double' to 'UInt32', possible loss of data
     1>c:\prog\fsd\x-ivap-code - pruebas\src\xivap\planeposition.cpp(139): warning C4244: '*=' : conversion from 'const double' to 'float', possible loss of data
     1>c:\prog\fsd\x-ivap-code - pruebas\src\xivap\planeposition.cpp(140): warning C4244: '*=' : conversion from 'const double' to 'float', possible loss of data
     1>c:\prog\fsd\x-ivap-code - pruebas\src\xivap\planeposition.cpp(141): warning C4244: '*=' : conversion from 'const double' to 'float', possible loss of data
     1>c:\prog\fsd\x-ivap-code - pruebas\src\xivap\planeposition.cpp(143): warning C4244: '*=' : conversion from 'const double' to 'UInt32', possible loss of data
     1>c:\prog\fsd\x-ivap-code - pruebas\src\xivap\planeposition.cpp(144): warning C4244: '*=' : conversion from 'const double' to 'UInt32', possible loss of data
     1>c:\prog\fsd\x-ivap-code - pruebas\src\xivap\planeposition.cpp(145): warning C4244: '*=' : conversion from 'const double' to 'UInt32', possible loss of data
         navQuery.cpp
         multiplayerPilot.cpp
         multiplayer.cpp
     1>c:\prog\fsd\x-ivap-code - pruebas\src\xivap\multiplayer.cpp(237): warning C4996: 'strcpy': This function or variable may be unsafe. Consider using strcpy_s instead. To disable deprecation, use _CRT_SECURE_NO_WARNINGS. See online help for details.
                 c:\program files (x86)\microsoft visual studio 11.0\vc\include\string.h(110) : see declaration of 'strcpy'
     1>c:\prog\fsd\x-ivap-code - pruebas\src\xivap\multiplayer.cpp(243): warning C4996: 'strcpy': This function or variable may be unsafe. Consider using strcpy_s instead. To disable deprecation, use _CRT_SECURE_NO_WARNINGS. See online help for details.
                 c:\program files (x86)\microsoft visual studio 11.0\vc\include\string.h(110) : see declaration of 'strcpy'
     1>c:\prog\fsd\x-ivap-code - pruebas\src\xivap\multiplayer.cpp(245): warning C4996: 'strcpy': This function or variable may be unsafe. Consider using strcpy_s instead. To disable deprecation, use _CRT_SECURE_NO_WARNINGS. See online help for details.
                 c:\program files (x86)\microsoft visual studio 11.0\vc\include\string.h(110) : see declaration of 'strcpy'
     1>c:\prog\fsd\x-ivap-code - pruebas\src\xivap\multiplayer.cpp(1049): warning C4244: '=' : conversion from 'unsigned int' to 'float', possible loss of data
     1>c:\prog\fsd\x-ivap-code - pruebas\src\xivap\multiplayer.cpp(1052): warning C4244: '=' : conversion from 'unsigned int' to 'float', possible loss of data
     1>c:\prog\fsd\x-ivap-code - pruebas\src\xivap\multiplayer.cpp(1055): warning C4244: '=' : conversion from 'unsigned int' to 'float', possible loss of data
         messageWindow.cpp
         messageHandler.cpp
     1>c:\prog\fsd\x-ivap-code - pruebas\src\xivap\messagehandler.cpp(151): warning C4996: 'strncpy': This function or variable may be unsafe. Consider using strncpy_s instead. To disable deprecation, use _CRT_SECURE_NO_WARNINGS. See online help for details.
                 c:\program files (x86)\microsoft visual studio 11.0\vc\include\string.h(191) : see declaration of 'strncpy'
     1>c:\prog\fsd\x-ivap-code - pruebas\src\xivap\messagehandler.cpp(153): warning C4996: 'strncpy': This function or variable may be unsafe. Consider using strncpy_s instead. To disable deprecation, use _CRT_SECURE_NO_WARNINGS. See online help for details.
                 c:\program files (x86)\microsoft visual studio 11.0\vc\include\string.h(191) : see declaration of 'strncpy'
     1>c:\prog\fsd\x-ivap-code - pruebas\src\xivap\messagehandler.cpp(154): warning C4996: 'strncpy': This function or variable may be unsafe. Consider using strncpy_s instead. To disable deprecation, use _CRT_SECURE_NO_WARNINGS. See online help for details.
                 c:\program files (x86)\microsoft visual studio 11.0\vc\include\string.h(191) : see declaration of 'strncpy'
     1>c:\prog\fsd\x-ivap-code - pruebas\src\xivap\messagehandler.cpp(155): warning C4996: 'strncpy': This function or variable may be unsafe. Consider using strncpy_s instead. To disable deprecation, use _CRT_SECURE_NO_WARNINGS. See online help for details.
                 c:\program files (x86)\microsoft visual studio 11.0\vc\include\string.h(191) : see declaration of 'strncpy'
     1>c:\prog\fsd\x-ivap-code - pruebas\src\xivap\messagehandler.cpp(156): warning C4996: 'strncpy': This function or variable may be unsafe. Consider using strncpy_s instead. To disable deprecation, use _CRT_SECURE_NO_WARNINGS. See online help for details.
                 c:\program files (x86)\microsoft visual studio 11.0\vc\include\string.h(191) : see declaration of 'strncpy'
     1>c:\prog\fsd\x-ivap-code - pruebas\src\xivap\messagehandler.cpp(157): warning C4996: 'strncpy': This function or variable may be unsafe. Consider using strncpy_s instead. To disable deprecation, use _CRT_SECURE_NO_WARNINGS. See online help for details.
                 c:\program files (x86)\microsoft visual studio 11.0\vc\include\string.h(191) : see declaration of 'strncpy'
     1>c:\prog\fsd\x-ivap-code - pruebas\src\xivap\messagehandler.cpp(158): warning C4996: 'strncpy': This function or variable may be unsafe. Consider using strncpy_s instead. To disable deprecation, use _CRT_SECURE_NO_WARNINGS. See online help for details.
                 c:\program files (x86)\microsoft visual studio 11.0\vc\include\string.h(191) : see declaration of 'strncpy'
     1>c:\prog\fsd\x-ivap-code - pruebas\src\xivap\messagehandler.cpp(162): warning C4996: 'strncpy': This function or variable may be unsafe. Consider using strncpy_s instead. To disable deprecation, use _CRT_SECURE_NO_WARNINGS. See online help for details.
                 c:\program files (x86)\microsoft visual studio 11.0\vc\include\string.h(191) : see declaration of 'strncpy'
     1>c:\prog\fsd\x-ivap-code - pruebas\src\xivap\messagehandler.cpp(164): warning C4996: 'strncpy': This function or variable may be unsafe. Consider using strncpy_s instead. To disable deprecation, use _CRT_SECURE_NO_WARNINGS. See online help for details.
                 c:\program files (x86)\microsoft visual studio 11.0\vc\include\string.h(191) : see declaration of 'strncpy'
     1>c:\prog\fsd\x-ivap-code - pruebas\src\xivap\messagehandler.cpp(165): warning C4996: 'strncpy': This function or variable may be unsafe. Consider using strncpy_s instead. To disable deprecation, use _CRT_SECURE_NO_WARNINGS. See online help for details.
                 c:\program files (x86)\microsoft visual studio 11.0\vc\include\string.h(191) : see declaration of 'strncpy'
     1>c:\prog\fsd\x-ivap-code - pruebas\src\xivap\messagehandler.cpp(166): warning C4996: 'strncpy': This function or variable may be unsafe. Consider using strncpy_s instead. To disable deprecation, use _CRT_SECURE_NO_WARNINGS. See online help for details.
                 c:\program files (x86)\microsoft visual studio 11.0\vc\include\string.h(191) : see declaration of 'strncpy'
     1>c:\prog\fsd\x-ivap-code - pruebas\src\xivap\messagehandler.cpp(167): warning C4996: 'strncpy': This function or variable may be unsafe. Consider using strncpy_s instead. To disable deprecation, use _CRT_SECURE_NO_WARNINGS. See online help for details.
                 c:\program files (x86)\microsoft visual studio 11.0\vc\include\string.h(191) : see declaration of 'strncpy'
     1>c:\prog\fsd\x-ivap-code - pruebas\src\xivap\messagehandler.cpp(168): warning C4996: 'strncpy': This function or variable may be unsafe. Consider using strncpy_s instead. To disable deprecation, use _CRT_SECURE_NO_WARNINGS. See online help for details.
                 c:\program files (x86)\microsoft visual studio 11.0\vc\include\string.h(191) : see declaration of 'strncpy'
         interpolator.cpp
         HTTPclient.cpp
     1>c:\prog\fsd\x-ivap-code - pruebas\src\xivap\httpclient.cpp(115): warning C4996: 'fopen': This function or variable may be unsafe. Consider using fopen_s instead. To disable deprecation, use _CRT_SECURE_NO_WARNINGS. See online help for details.
                 c:\program files (x86)\microsoft visual studio 11.0\vc\include\stdio.h(218) : see declaration of 'fopen'
         Generating Code...
         Compiling...
         helpers.cpp
     1>c:\prog\fsd\x-ivap-code - pruebas\src\xivap\helpers.cpp(23): warning C4996: 'sprintf': This function or variable may be unsafe. Consider using sprintf_s instead. To disable deprecation, use _CRT_SECURE_NO_WARNINGS. See online help for details.
                 c:\program files (x86)\microsoft visual studio 11.0\vc\include\stdio.h(357) : see declaration of 'sprintf'
         fsdmessage.cpp
         fsdapi.cpp
     1>c:\prog\fsd\x-ivap-code - pruebas\src\xivap\fsdapi.cpp(215): warning C4996: 'fopen': This function or variable may be unsafe. Consider using fopen_s instead. To disable deprecation, use _CRT_SECURE_NO_WARNINGS. See online help for details.
                 c:\program files (x86)\microsoft visual studio 11.0\vc\include\stdio.h(218) : see declaration of 'fopen'
         FMCform.cpp
         flightplanForm.cpp
     1>c:\prog\fsd\x-ivap-code - pruebas\src\xivap\flightplanform.cpp(895): warning C4996: 'strcpy': This function or variable may be unsafe. Consider using strcpy_s instead. To disable deprecation, use _CRT_SECURE_NO_WARNINGS. See online help for details.
                 c:\program files (x86)\microsoft visual studio 11.0\vc\include\string.h(110) : see declaration of 'strcpy'
         FlightLogger.cpp
     1>c:\prog\fsd\x-ivap-code - pruebas\src\xivap\flightlogger.cpp(126): warning C4996: 'sprintf': This function or variable may be unsafe. Consider using sprintf_s instead. To disable deprecation, use _CRT_SECURE_NO_WARNINGS. See online help for details.
                 c:\program files (x86)\microsoft visual studio 11.0\vc\include\stdio.h(357) : see declaration of 'sprintf'
         disconnectForm.cpp
         connectForm.cpp
     1>c:\prog\fsd\x-ivap-code - pruebas\src\xivap\connectform.cpp(32): warning C4996: 'fopen': This function or variable may be unsafe. Consider using fopen_s instead. To disable deprecation, use _CRT_SECURE_NO_WARNINGS. See online help for details.
                 c:\program files (x86)\microsoft visual studio 11.0\vc\include\stdio.h(218) : see declaration of 'fopen'
         configFile.cpp
     1>c:\prog\fsd\x-ivap-code - pruebas\src\xivap\configfile.cpp(31): warning C4996: 'fopen': This function or variable may be unsafe. Consider using fopen_s instead. To disable deprecation, use _CRT_SECURE_NO_WARNINGS. See online help for details.
                 c:\program files (x86)\microsoft visual studio 11.0\vc\include\stdio.h(218) : see declaration of 'fopen'
     1>c:\prog\fsd\x-ivap-code - pruebas\src\xivap\configfile.cpp(52): warning C4996: 'fopen': This function or variable may be unsafe. Consider using fopen_s instead. To disable deprecation, use _CRT_SECURE_NO_WARNINGS. See online help for details.
                 c:\program files (x86)\microsoft visual studio 11.0\vc\include\stdio.h(218) : see declaration of 'fopen'
         chatWindow.cpp
         awyFinder.cpp
     1>c:\prog\fsd\x-ivap-code - pruebas\src\xivap\awyfinder.cpp(54): warning C4996: 'fopen': This function or variable may be unsafe. Consider using fopen_s instead. To disable deprecation, use _CRT_SECURE_NO_WARNINGS. See online help for details.
                 c:\program files (x86)\microsoft visual studio 11.0\vc\include\stdio.h(218) : see declaration of 'fopen'
         atcPosition.cpp
         airlinesDB.cpp
     1>c:\prog\fsd\x-ivap-code - pruebas\src\xivap\airlinesdb.cpp(30): warning C4996: 'fopen': This function or variable may be unsafe. Consider using fopen_s instead. To disable deprecation, use _CRT_SECURE_NO_WARNINGS. See online help for details.
                 c:\program files (x86)\microsoft visual studio 11.0\vc\include\stdio.h(218) : see declaration of 'fopen'
     1>c:\prog\fsd\x-ivap-code - pruebas\src\xivap\airlinesdb.cpp(73): warning C4996: 'fopen': This function or variable may be unsafe. Consider using fopen_s instead. To disable deprecation, use _CRT_SECURE_NO_WARNINGS. See online help for details.
                 c:\program files (x86)\microsoft visual studio 11.0\vc\include\stdio.h(218) : see declaration of 'fopen'
         aircraftDB.cpp
     1>c:\prog\fsd\x-ivap-code - pruebas\src\xivap\aircraftdb.cpp(31): warning C4996: 'fopen': This function or variable may be unsafe. Consider using fopen_s instead. To disable deprecation, use _CRT_SECURE_NO_WARNINGS. See online help for details.
                 c:\program files (x86)\microsoft visual studio 11.0\vc\include\stdio.h(218) : see declaration of 'fopen'
         Generating Code...
     1>C:\Program Files (x86)\MSBuild\Microsoft.Cpp\v4.0\V110\Microsoft.CppBuild.targets(1137,5): warning MSB8012: TargetPath(C:\Prog\FSD\x-ivap-code - pruebas\src\XIvAp\Debug\Win32\bin\XIvAp.dll) does not match the Linker's OutputFile property value (C:\Prog\FSD\x-ivap-code - pruebas\src\XIvAp\Debug\Win32\bin\X-IvAp-32.xpl). This may cause your project to build incorrectly. To correct this, please make sure that $(OutDir), $(TargetName) and $(TargetExt) property values match the value specified in %(Link.OutputFile).
     1>C:\Program Files (x86)\MSBuild\Microsoft.Cpp\v4.0\V110\Microsoft.CppBuild.targets(1138,5): warning MSB8012: TargetExt(.dll) does not match the Linker's OutputFile property value (.xpl). This may cause your project to build incorrectly. To correct this, please make sure that $(OutDir), $(TargetName) and $(TargetExt) property values match the value specified in %(Link.OutputFile).
     1>C:\Program Files (x86)\MSBuild\Microsoft.Cpp\v4.0\V110\Microsoft.CppBuild.targets(1139,5): warning MSB8012: TargetName(XIvAp) does not match the Linker's OutputFile property value (X-IvAp-32). This may cause your project to build incorrectly. To correct this, please make sure that $(OutDir), $(TargetName) and $(TargetExt) property values match the value specified in %(Link.OutputFile).
       Link:
         C:\Program Files (x86)\Microsoft Visual Studio 11.0\VC\bin\link.exe /ERRORREPORT:PROMPT /OUT:"Debug\Win32\bin\X-IvAp-32.xpl" /INCREMENTAL /NOLOGO /LIBPATH:../../SDK/Libraries/Win /LIBPATH:../ptypes/win32 Opengl32.lib odbc32.lib odbccp32.lib ptypes_ST.lib ws2_32.lib glu32.lib comctl32.lib kernel32.lib user32.lib gdi32.lib winspool.lib comdlg32.lib advapi32.lib shell32.lib ole32.lib oleaut32.lib uuid.lib odbc32.lib odbccp32.lib /NODEFAULTLIB:LIBCMTD /NODEFAULTLIB:LIBCMT /NODEFAULTLIB:MSVCRT /NODEFAULTLIB:LIBC /MANIFEST /MANIFESTUAC:"level='asInvoker' uiAccess='false'" /manifest:embed /DEBUG /PDB:"Debug\Win32\bin\XIvAp.pdb" /TLBID:1 /DYNAMICBASE /NXCOMPAT /IMPLIB:"Debug\Win32\bin\XIvAp.lib" /MACHINE:X86 /SAFESEH /DLL /DLL Debug\Win32\obj\aircraftDB.obj
         Debug\Win32\obj\airlinesDB.obj
         Debug\Win32\obj\atcPosition.obj
         Debug\Win32\obj\awyFinder.obj
         Debug\Win32\obj\chatWindow.obj
         Debug\Win32\obj\configFile.obj
         Debug\Win32\obj\connectForm.obj
         Debug\Win32\obj\disconnectForm.obj
         Debug\Win32\obj\FlightLogger.obj
         Debug\Win32\obj\flightplanForm.obj
         Debug\Win32\obj\FMCform.obj
         Debug\Win32\obj\fsdapi.obj
         Debug\Win32\obj\fsdmessage.obj
         Debug\Win32\obj\helpers.obj
         Debug\Win32\obj\HTTPclient.obj
         Debug\Win32\obj\interpolator.obj
         Debug\Win32\obj\messageHandler.obj
         Debug\Win32\obj\messageWindow.obj
         Debug\Win32\obj\multiplayer.obj
         Debug\Win32\obj\multiplayerPilot.obj
         Debug\Win32\obj\navQuery.obj
         Debug\Win32\obj\planeposition.obj
         Debug\Win32\obj\refInspector.obj
         Debug\Win32\obj\SoundGraphics.obj
         Debug\Win32\obj\stb_image_aug.obj
         Debug\Win32\obj\systemcallbacks.obj
         Debug\Win32\obj\Tcas.obj
         Debug\Win32\obj\tcpsocket.obj
         Debug\Win32\obj\TeamSpeak.obj
         Debug\Win32\obj\TLVpacket.obj
         Debug\Win32\obj\uiWindow.obj
         Debug\Win32\obj\weatherGod.obj
         Debug\Win32\obj\weatherPosition.obj
         Debug\Win32\obj\WristWatch.obj
         Debug\Win32\obj\xivap.obj
         Debug\Win32\obj\xivapWin.obj
         Debug\Win32\obj\XPmessageBox.obj
         Debug\Win32\obj\TexUtils.obj
         Debug\Win32\obj\BitmapUtils.obj
         Debug\Win32\obj\PlatformUtils.win.obj
         Debug\Win32\obj\XObjDefs.obj
         Debug\Win32\obj\XObjReadWrite.obj
         Debug\Win32\obj\XOGLUtils.obj
         Debug\Win32\obj\XPMPMultiplayer.obj
         Debug\Win32\obj\XPMPMultiplayerCSL.obj
         Debug\Win32\obj\XPMPMultiplayerObj.obj
         Debug\Win32\obj\XPMPMultiplayerVars.obj
         Debug\Win32\obj\XPMPPlaneRenderer.obj
         Debug\Win32\obj\XUtils.obj
         Debug\Win32\obj\XPListBox.obj
         Debug\Win32\obj\XPPopups.obj
         Debug\Win32\obj\stun.obj
         Debug\Win32\obj\StunClient.obj
         Debug\Win32\obj\udp.obj
         ..\FMOD\FMODWindows\api\lib\fmodex_vc.lib
         ..\..\Sdk\Libraries\Win\XPLM.lib
         ..\..\Sdk\Libraries\Win\XPWidgets.lib
         ..\png\Windows\pnglib.lib
         ..\zlib\win32\zlib.lib
         "C:\Prog\FSD\x-ivap-code - pruebas\src\ptypes\win32\PTypes_ST.lib"
     1>aircraftDB.obj : warning LNK4075: ignoring '/EDITANDCONTINUE' due to '/SAFESEH' specification
     1>ptypes_ST.lib(pstring.obj) : error LNK2038: mismatch detected for 'RuntimeLibrary': value 'MTd_StaticDebug' doesn't match value 'MDd_DynamicDebug' in aircraftDB.obj
     1>ptypes_ST.lib(pstrmanip.obj) : error LNK2038: mismatch detected for 'RuntimeLibrary': value 'MTd_StaticDebug' doesn't match value 'MDd_DynamicDebug' in aircraftDB.obj
     1>ptypes_ST.lib(pstrtoi.obj) : error LNK2038: mismatch detected for 'RuntimeLibrary': value 'MTd_StaticDebug' doesn't match value 'MDd_DynamicDebug' in aircraftDB.obj
     1>ptypes_ST.lib(pstdio.obj) : error LNK2038: mismatch detected for 'RuntimeLibrary': value 'MTd_StaticDebug' doesn't match value 'MDd_DynamicDebug' in aircraftDB.obj
     1>ptypes_ST.lib(pputf.obj) : error LNK2038: mismatch detected for 'RuntimeLibrary': value 'MTd_StaticDebug' doesn't match value 'MDd_DynamicDebug' in aircraftDB.obj
     1>ptypes_ST.lib(ptime.obj) : error LNK2038: mismatch detected for 'RuntimeLibrary': value 'MTd_StaticDebug' doesn't match value 'MDd_DynamicDebug' in aircraftDB.obj
     1>ptypes_ST.lib(pstrconv.obj) : error LNK2038: mismatch detected for 'RuntimeLibrary': value 'MTd_StaticDebug' doesn't match value 'MDd_DynamicDebug' in aircraftDB.obj
     1>ptypes_ST.lib(pipstm.obj) : error LNK2038: mismatch detected for 'RuntimeLibrary': value 'MTd_StaticDebug' doesn't match value 'MDd_DynamicDebug' in aircraftDB.obj
     1>ptypes_ST.lib(pipbase.obj) : error LNK2038: mismatch detected for 'RuntimeLibrary': value 'MTd_StaticDebug' doesn't match value 'MDd_DynamicDebug' in aircraftDB.obj
     1>ptypes_ST.lib(pipmsgsv.obj) : error LNK2038: mismatch detected for 'RuntimeLibrary': value 'MTd_StaticDebug' doesn't match value 'MDd_DynamicDebug' in aircraftDB.obj
     1>ptypes_ST.lib(pinstm.obj) : error LNK2038: mismatch detected for 'RuntimeLibrary': value 'MTd_StaticDebug' doesn't match value 'MDd_DynamicDebug' in aircraftDB.obj
     1>ptypes_ST.lib(poutstm.obj) : error LNK2038: mismatch detected for 'RuntimeLibrary': value 'MTd_StaticDebug' doesn't match value 'MDd_DynamicDebug' in aircraftDB.obj
     1>ptypes_ST.lib(pfdxstm.obj) : error LNK2038: mismatch detected for 'RuntimeLibrary': value 'MTd_StaticDebug' doesn't match value 'MDd_DynamicDebug' in aircraftDB.obj
     1>ptypes_ST.lib(pipsvbase.obj) : error LNK2038: mismatch detected for 'RuntimeLibrary': value 'MTd_StaticDebug' doesn't match value 'MDd_DynamicDebug' in aircraftDB.obj
     1>ptypes_ST.lib(patomic.obj) : error LNK2038: mismatch detected for 'RuntimeLibrary': value 'MTd_StaticDebug' doesn't match value 'MDd_DynamicDebug' in aircraftDB.obj
     1>ptypes_ST.lib(pexcept.obj) : error LNK2038: mismatch detected for 'RuntimeLibrary': value 'MTd_StaticDebug' doesn't match value 'MDd_DynamicDebug' in aircraftDB.obj
     1>ptypes_ST.lib(pcomponent.obj) : error LNK2038: mismatch detected for 'RuntimeLibrary': value 'MTd_StaticDebug' doesn't match value 'MDd_DynamicDebug' in aircraftDB.obj
     1>ptypes_ST.lib(piobase.obj) : error LNK2038: mismatch detected for 'RuntimeLibrary': value 'MTd_StaticDebug' doesn't match value 'MDd_DynamicDebug' in aircraftDB.obj
     1>ptypes_ST.lib(pinfile.obj) : error LNK2038: mismatch detected for 'RuntimeLibrary': value 'MTd_StaticDebug' doesn't match value 'MDd_DynamicDebug' in aircraftDB.obj
     1>ptypes_ST.lib(poutfile.obj) : error LNK2038: mismatch detected for 'RuntimeLibrary': value 'MTd_StaticDebug' doesn't match value 'MDd_DynamicDebug' in aircraftDB.obj
     1>ptypes_ST.lib(punknown.obj) : error LNK2038: mismatch detected for 'RuntimeLibrary': value 'MTd_StaticDebug' doesn't match value 'MDd_DynamicDebug' in aircraftDB.obj
     1>ptypes_ST.lib(pcset.obj) : error LNK2038: mismatch detected for 'RuntimeLibrary': value 'MTd_StaticDebug' doesn't match value 'MDd_DynamicDebug' in aircraftDB.obj
     1>ptypes_ST.lib(ppodlist.obj) : error LNK2038: mismatch detected for 'RuntimeLibrary': value 'MTd_StaticDebug' doesn't match value 'MDd_DynamicDebug' in aircraftDB.obj
     1>ptypes_ST.lib(pobjlist.obj) : error LNK2038: mismatch detected for 'RuntimeLibrary': value 'MTd_StaticDebug' doesn't match value 'MDd_DynamicDebug' in aircraftDB.obj
     1>msvcprtd.lib(MSVCP110D.dll) : error LNK2005: "public: __thiscall std::_Container_base12::_Container_base12(void)" (??0_Container_base12@std@@QAE@XZ) already defined in ptypes_ST.lib(pstring.obj)
     1>msvcprtd.lib(MSVCP110D.dll) : error LNK2005: "public: __thiscall std::_Container_base12::~_Container_base12(void)" (??1_Container_base12@std@@QAE@XZ) already defined in ptypes_ST.lib(pstring.obj)
     1>msvcprtd.lib(MSVCP110D.dll) : error LNK2005: "public: void __thiscall std::_Container_base12::_Orphan_all(void)" (?_Orphan_all@_Container_base12@std@@QAEXXZ) already defined in ptypes_ST.lib(pstring.obj)
     1>msvcprtd.lib(MSVCP110D.dll) : error LNK2005: "public: __thiscall std::locale::id::id(unsigned int)" (??0id@locale@std@@QAE@I@Z) already defined in ptypes_ST.lib(pstring.obj)
            Creating library Debug\Win32\bin\XIvAp.lib and object Debug\Win32\bin\XIvAp.exp
     1>Debug\Win32\bin\X-IvAp-32.xpl : fatal error LNK1169: one or more multiply defined symbols found
     1>Done Building Project "C:\Prog\FSD\x-ivap-code - pruebas\src\XIvAp\XIvAp.vcxproj" (Build target(s)) -- FAILED.

Build FAILED.

Time Elapsed 00:01:39.90
