C:\PROG\FSD\X-IVAP-CODE - PRUEBAS\MDSPLIB-MASTER\IVAO\STSPACK3.OBJ
C:\PROG\FSD\X-IVAP-CODE - PRUEBAS\MDSPLIB-MASTER\IVAO\STSPACK2.OBJ
C:\PROG\FSD\X-IVAP-CODE - PRUEBAS\MDSPLIB-MASTER\IVAO\PRTDMETR.OBJ
C:\PROG\FSD\X-IVAP-CODE - PRUEBAS\MDSPLIB-MASTER\IVAO\FRACPART.OBJ
C:\PROG\FSD\X-IVAP-CODE - PRUEBAS\MDSPLIB-MASTER\IVAO\DRVMETAR.OBJ
C:\PROG\FSD\X-IVAP-CODE - PRUEBAS\MDSPLIB-MASTER\IVAO\DCDMTRMK.OBJ
C:\PROG\FSD\X-IVAP-CODE - PRUEBAS\MDSPLIB-MASTER\IVAO\DCDMETAR.OBJ
C:\PROG\FSD\X-IVAP-CODE - PRUEBAS\MDSPLIB-MASTER\IVAO\CHARCMP.OBJ
C:\PROG\FSD\X-IVAP-CODE - PRUEBAS\MDSPLIB-MASTER\IVAO\ANTOI.OBJ
C:\PROG\FSD\X-IVAP-CODE - PRUEBAS\MDSPLIB-MASTER\IVAO\VC110.PDB
C:\PROG\FSD\X-IVAP-CODE - PRUEBAS\SRC\IVAO\MDSPLIB.LIB
C:\Prog\FSD\x-ivap-code - pruebas\mdsplib-master\IVAO\antoi.obj
C:\Prog\FSD\x-ivap-code - pruebas\mdsplib-master\IVAO\charcmp.obj
C:\Prog\FSD\x-ivap-code - pruebas\mdsplib-master\IVAO\dcdmetar.obj
C:\Prog\FSD\x-ivap-code - pruebas\mdsplib-master\IVAO\dcdmtrmk.obj
C:\Prog\FSD\x-ivap-code - pruebas\mdsplib-master\IVAO\drvmetar.obj
C:\Prog\FSD\x-ivap-code - pruebas\mdsplib-master\IVAO\fracpart.obj
C:\Prog\FSD\x-ivap-code - pruebas\mdsplib-master\IVAO\prtdmetr.obj
C:\Prog\FSD\x-ivap-code - pruebas\mdsplib-master\IVAO\stspack2.obj
C:\Prog\FSD\x-ivap-code - pruebas\mdsplib-master\IVAO\stspack3.obj
C:\Prog\FSD\x-ivap-code - pruebas\mdsplib-master\IVAO\cl.command.1.tlog
C:\Prog\FSD\x-ivap-code - pruebas\mdsplib-master\IVAO\CL.read.1.tlog
C:\Prog\FSD\x-ivap-code - pruebas\mdsplib-master\IVAO\CL.write.1.tlog
C:\Prog\FSD\x-ivap-code - pruebas\mdsplib-master\IVAO\Lib-link.read.1.tlog
C:\Prog\FSD\x-ivap-code - pruebas\mdsplib-master\IVAO\Lib-link.write.1.tlog
C:\Prog\FSD\x-ivap-code - pruebas\mdsplib-master\IVAO\lib.command.1.tlog
C:\Prog\FSD\x-ivap-code - pruebas\mdsplib-master\IVAO\vc110.pdb
C:\Prog\FSD\x-ivap-code - pruebas\src\IVAO\MDSPLib.lib
