C:\USERS\TOMAS\DOCUMENTS\VISUAL STUDIO 2012\PROJECTS\XIVAP4AHS 2.0\X64\IVAO\CLIENT.SBR
C:\USERS\TOMAS\DOCUMENTS\VISUAL STUDIO 2012\PROJECTS\XIVAP4AHS 2.0\X64\IVAO\STUN.SBR
C:\USERS\TOMAS\DOCUMENTS\VISUAL STUDIO 2012\PROJECTS\XIVAP4AHS 2.0\X64\IVAO\UDP.SBR
C:\USERS\TOMAS\DOCUMENTS\VISUAL STUDIO 2012\PROJECTS\XIVAP4AHS 2.0\X64\IVAO\BITMAPUTILS.SBR
C:\USERS\TOMAS\DOCUMENTS\VISUAL STUDIO 2012\PROJECTS\XIVAP4AHS 2.0\X64\IVAO\PLATFORMUTILS.WIN.SBR
C:\USERS\TOMAS\DOCUMENTS\VISUAL STUDIO 2012\PROJECTS\XIVAP4AHS 2.0\X64\IVAO\XOBJDEFS.SBR
C:\USERS\TOMAS\DOCUMENTS\VISUAL STUDIO 2012\PROJECTS\XIVAP4AHS 2.0\X64\IVAO\XOBJREADWRITE.SBR
C:\USERS\TOMAS\DOCUMENTS\VISUAL STUDIO 2012\PROJECTS\XIVAP4AHS 2.0\X64\IVAO\XUTILS.SBR
C:\USERS\TOMAS\DOCUMENTS\VISUAL STUDIO 2012\PROJECTS\XIVAP4AHS 2.0\X64\IVAO\XUTILS.OBJ
C:\USERS\TOMAS\DOCUMENTS\VISUAL STUDIO 2012\PROJECTS\XIVAP4AHS 2.0\X64\IVAO\XOBJREADWRITE.OBJ
C:\USERS\TOMAS\DOCUMENTS\VISUAL STUDIO 2012\PROJECTS\XIVAP4AHS 2.0\X64\IVAO\XOBJDEFS.OBJ
C:\USERS\TOMAS\DOCUMENTS\VISUAL STUDIO 2012\PROJECTS\XIVAP4AHS 2.0\X64\IVAO\PLATFORMUTILS.WIN.OBJ
C:\USERS\TOMAS\DOCUMENTS\VISUAL STUDIO 2012\PROJECTS\XIVAP4AHS 2.0\X64\IVAO\BITMAPUTILS.OBJ
C:\USERS\TOMAS\DOCUMENTS\VISUAL STUDIO 2012\PROJECTS\XIVAP4AHS 2.0\X64\IVAO\UDP.OBJ
C:\USERS\TOMAS\DOCUMENTS\VISUAL STUDIO 2012\PROJECTS\XIVAP4AHS 2.0\X64\IVAO\STUN.OBJ
C:\USERS\TOMAS\DOCUMENTS\VISUAL STUDIO 2012\PROJECTS\XIVAP4AHS 2.0\X64\IVAO\CLIENT.OBJ
C:\USERS\TOMAS\DOCUMENTS\VISUAL STUDIO 2012\PROJECTS\XIVAP4AHS 2.0\X64\IVAO\STB_IMAGE_AUG.SBR
C:\USERS\TOMAS\DOCUMENTS\VISUAL STUDIO 2012\PROJECTS\XIVAP4AHS 2.0\X64\IVAO\STB_IMAGE_AUG.OBJ
C:\USERS\TOMAS\DOCUMENTS\VISUAL STUDIO 2012\PROJECTS\XIVAP4AHS 2.0\X64\IVAO\
C:\Users\Tomas\Documents\Visual Studio 2012\Projects\XIvAp4AHS 2.0\x64\IVAO\BitmapUtils.obj
C:\Users\Tomas\Documents\Visual Studio 2012\Projects\XIvAp4AHS 2.0\x64\IVAO\client.obj
C:\Users\Tomas\Documents\Visual Studio 2012\Projects\XIvAp4AHS 2.0\x64\IVAO\PlatformUtils.win.obj
C:\Users\Tomas\Documents\Visual Studio 2012\Projects\XIvAp4AHS 2.0\x64\IVAO\stb_image_aug.obj
C:\Users\Tomas\Documents\Visual Studio 2012\Projects\XIvAp4AHS 2.0\x64\IVAO\stun.obj
C:\Users\Tomas\Documents\Visual Studio 2012\Projects\XIvAp4AHS 2.0\x64\IVAO\udp.obj
C:\Users\Tomas\Documents\Visual Studio 2012\Projects\XIvAp4AHS 2.0\x64\IVAO\XObjDefs.obj
C:\Users\Tomas\Documents\Visual Studio 2012\Projects\XIvAp4AHS 2.0\x64\IVAO\XObjReadWrite.obj
C:\Users\Tomas\Documents\Visual Studio 2012\Projects\XIvAp4AHS 2.0\x64\IVAO\XUtils.obj
C:\Users\Tomas\Documents\Visual Studio 2012\Projects\XIvAp4AHS 2.0\x64\IVAO\cl.command.1.tlog
C:\Users\Tomas\Documents\Visual Studio 2012\Projects\XIvAp4AHS 2.0\x64\IVAO\CL.read.1.tlog
C:\Users\Tomas\Documents\Visual Studio 2012\Projects\XIvAp4AHS 2.0\x64\IVAO\CL.write.1.tlog
C:\Users\Tomas\Documents\Visual Studio 2012\Projects\XIvAp4AHS 2.0\x64\IVAO\BitmapUtils.sbr
C:\Users\Tomas\Documents\Visual Studio 2012\Projects\XIvAp4AHS 2.0\x64\IVAO\client.sbr
C:\Users\Tomas\Documents\Visual Studio 2012\Projects\XIvAp4AHS 2.0\x64\IVAO\PlatformUtils.win.sbr
C:\Users\Tomas\Documents\Visual Studio 2012\Projects\XIvAp4AHS 2.0\x64\IVAO\stb_image_aug.sbr
C:\Users\Tomas\Documents\Visual Studio 2012\Projects\XIvAp4AHS 2.0\x64\IVAO\stun.sbr
C:\Users\Tomas\Documents\Visual Studio 2012\Projects\XIvAp4AHS 2.0\x64\IVAO\udp.sbr
C:\Users\Tomas\Documents\Visual Studio 2012\Projects\XIvAp4AHS 2.0\x64\IVAO\XObjDefs.sbr
C:\Users\Tomas\Documents\Visual Studio 2012\Projects\XIvAp4AHS 2.0\x64\IVAO\XObjReadWrite.sbr
C:\Users\Tomas\Documents\Visual Studio 2012\Projects\XIvAp4AHS 2.0\x64\IVAO\XUtils.sbr
