C:\PROG\FSD\X-IVAP-CODE - PRUEBAS\MDSPLIB-MASTER\X64\IVAO\STSPACK3.OBJ
C:\PROG\FSD\X-IVAP-CODE - PRUEBAS\MDSPLIB-MASTER\X64\IVAO\STSPACK2.OBJ
C:\PROG\FSD\X-IVAP-CODE - PRUEBAS\MDSPLIB-MASTER\X64\IVAO\PRTDMETR.OBJ
C:\PROG\FSD\X-IVAP-CODE - PRUEBAS\MDSPLIB-MASTER\X64\IVAO\FRACPART.OBJ
C:\PROG\FSD\X-IVAP-CODE - PRUEBAS\MDSPLIB-MASTER\X64\IVAO\DRVMETAR.OBJ
C:\PROG\FSD\X-IVAP-CODE - PRUEBAS\MDSPLIB-MASTER\X64\IVAO\DCDMTRMK.OBJ
C:\PROG\FSD\X-IVAP-CODE - PRUEBAS\MDSPLIB-MASTER\X64\IVAO\DCDMETAR.OBJ
C:\PROG\FSD\X-IVAP-CODE - PRUEBAS\MDSPLIB-MASTER\X64\IVAO\CHARCMP.OBJ
C:\PROG\FSD\X-IVAP-CODE - PRUEBAS\MDSPLIB-MASTER\X64\IVAO\ANTOI.OBJ
C:\PROG\FSD\X-IVAP-CODE - PRUEBAS\MDSPLIB-MASTER\X64\IVAO\VC110.PDB
C:\PROG\FSD\X-IVAP-CODE - PRUEBAS\SRC\IVAO\MDSPLIB64.LIB
C:\Prog\FSD\x-ivap-code - pruebas\mdsplib-master\x64\IVAO\antoi.obj
C:\Prog\FSD\x-ivap-code - pruebas\mdsplib-master\x64\IVAO\charcmp.obj
C:\Prog\FSD\x-ivap-code - pruebas\mdsplib-master\x64\IVAO\dcdmetar.obj
C:\Prog\FSD\x-ivap-code - pruebas\mdsplib-master\x64\IVAO\dcdmtrmk.obj
C:\Prog\FSD\x-ivap-code - pruebas\mdsplib-master\x64\IVAO\drvmetar.obj
C:\Prog\FSD\x-ivap-code - pruebas\mdsplib-master\x64\IVAO\fracpart.obj
C:\Prog\FSD\x-ivap-code - pruebas\mdsplib-master\x64\IVAO\prtdmetr.obj
C:\Prog\FSD\x-ivap-code - pruebas\mdsplib-master\x64\IVAO\stspack2.obj
C:\Prog\FSD\x-ivap-code - pruebas\mdsplib-master\x64\IVAO\stspack3.obj
C:\Prog\FSD\x-ivap-code - pruebas\mdsplib-master\x64\IVAO\cl.command.1.tlog
C:\Prog\FSD\x-ivap-code - pruebas\mdsplib-master\x64\IVAO\CL.read.1.tlog
C:\Prog\FSD\x-ivap-code - pruebas\mdsplib-master\x64\IVAO\CL.write.1.tlog
C:\Prog\FSD\x-ivap-code - pruebas\mdsplib-master\x64\IVAO\Lib-link.read.1.tlog
C:\Prog\FSD\x-ivap-code - pruebas\mdsplib-master\x64\IVAO\Lib-link.write.1.tlog
C:\Prog\FSD\x-ivap-code - pruebas\mdsplib-master\x64\IVAO\lib.command.1.tlog
C:\Prog\FSD\x-ivap-code - pruebas\mdsplib-master\x64\IVAO\vc110.pdb
C:\Prog\FSD\x-ivap-code - pruebas\src\\IVAO\MDSPLib64.lib
