C:\PROG\FSD\X-IVAP-CODE - PRUEBAS\SRC\XIVAP\IVAO\WIN32\OBJ\MULTIPLAYERPILOT.OBJ
C:\PROG\FSD\X-IVAP-CODE - PRUEBAS\SRC\XIVAP\IVAO\WIN32\OBJ\MULTIPLAYER.OBJ
C:\PROG\FSD\X-IVAP-CODE - PRUEBAS\SRC\XIVAP\IVAO\WIN32\OBJ\MESSAGEWINDOW.OBJ
C:\PROG\FSD\X-IVAP-CODE - PRUEBAS\SRC\XIVAP\IVAO\WIN32\OBJ\MESSAGEHANDLER.OBJ
C:\PROG\FSD\X-IVAP-CODE - PRUEBAS\SRC\XIVAP\IVAO\WIN32\OBJ\INTERPOLATOR.OBJ
C:\PROG\FSD\X-IVAP-CODE - PRUEBAS\SRC\XIVAP\IVAO\WIN32\OBJ\HTTPCLIENT.OBJ
C:\PROG\FSD\X-IVAP-CODE - PRUEBAS\SRC\XIVAP\IVAO\WIN32\OBJ\HELPERS.OBJ
C:\PROG\FSD\X-IVAP-CODE - PRUEBAS\SRC\XIVAP\IVAO\WIN32\OBJ\FSDMESSAGE.OBJ
C:\PROG\FSD\X-IVAP-CODE - PRUEBAS\SRC\XIVAP\IVAO\WIN32\OBJ\FSDAPI.OBJ
C:\PROG\FSD\X-IVAP-CODE - PRUEBAS\SRC\XIVAP\IVAO\WIN32\OBJ\FMCFORM.OBJ
C:\PROG\FSD\X-IVAP-CODE - PRUEBAS\SRC\XIVAP\IVAO\WIN32\OBJ\FLIGHTPLANFORM.OBJ
C:\PROG\FSD\X-IVAP-CODE - PRUEBAS\SRC\XIVAP\IVAO\WIN32\OBJ\FLIGHTLOGGER.OBJ
C:\PROG\FSD\X-IVAP-CODE - PRUEBAS\SRC\XIVAP\IVAO\WIN32\OBJ\DISCONNECTFORM.OBJ
C:\PROG\FSD\X-IVAP-CODE - PRUEBAS\SRC\XIVAP\IVAO\WIN32\OBJ\CONNECTFORM.OBJ
C:\PROG\FSD\X-IVAP-CODE - PRUEBAS\SRC\XIVAP\IVAO\WIN32\OBJ\CONFIGFILE.OBJ
C:\PROG\FSD\X-IVAP-CODE - PRUEBAS\SRC\XIVAP\IVAO\WIN32\OBJ\CHATWINDOW.OBJ
C:\PROG\FSD\X-IVAP-CODE - PRUEBAS\SRC\XIVAP\IVAO\WIN32\OBJ\AWYFINDER.OBJ
C:\PROG\FSD\X-IVAP-CODE - PRUEBAS\SRC\XIVAP\IVAO\WIN32\OBJ\ATCPOSITION.OBJ
C:\PROG\FSD\X-IVAP-CODE - PRUEBAS\SRC\XIVAP\IVAO\WIN32\OBJ\AIRLINESDB.OBJ
C:\PROG\FSD\X-IVAP-CODE - PRUEBAS\SRC\XIVAP\IVAO\WIN32\OBJ\AIRCRAFTDB.OBJ
C:\PROG\FSD\X-IVAP-CODE - PRUEBAS\SRC\XIVAP\IVAO\WIN32\OBJ\PLATFORMUTILS.WIN.OBJ
C:\PROG\FSD\X-IVAP-CODE - PRUEBAS\SRC\XIVAP\IVAO\WIN32\OBJ\BITMAPUTILS.OBJ
C:\PROG\FSD\X-IVAP-CODE - PRUEBAS\SRC\XIVAP\IVAO\WIN32\OBJ\TEXUTILS.OBJ
C:\PROG\FSD\X-IVAP-CODE - PRUEBAS\SRC\XIVAP\IVAO\WIN32\OBJ\XPMESSAGEBOX.OBJ
C:\PROG\FSD\X-IVAP-CODE - PRUEBAS\SRC\XIVAP\IVAO\WIN32\OBJ\XIVAPWIN.OBJ
C:\PROG\FSD\X-IVAP-CODE - PRUEBAS\SRC\XIVAP\IVAO\WIN32\OBJ\XIVAP.OBJ
C:\PROG\FSD\X-IVAP-CODE - PRUEBAS\SRC\XIVAP\IVAO\WIN32\OBJ\WRISTWATCH.OBJ
C:\PROG\FSD\X-IVAP-CODE - PRUEBAS\SRC\XIVAP\IVAO\WIN32\OBJ\WEATHERPOSITION.OBJ
C:\PROG\FSD\X-IVAP-CODE - PRUEBAS\SRC\XIVAP\IVAO\WIN32\OBJ\WEATHERGOD.OBJ
C:\PROG\FSD\X-IVAP-CODE - PRUEBAS\SRC\XIVAP\IVAO\WIN32\OBJ\UIWINDOW.OBJ
C:\PROG\FSD\X-IVAP-CODE - PRUEBAS\SRC\XIVAP\IVAO\WIN32\OBJ\TLVPACKET.OBJ
C:\PROG\FSD\X-IVAP-CODE - PRUEBAS\SRC\XIVAP\IVAO\WIN32\OBJ\TEAMSPEAK.OBJ
C:\PROG\FSD\X-IVAP-CODE - PRUEBAS\SRC\XIVAP\IVAO\WIN32\OBJ\TCPSOCKET.OBJ
C:\PROG\FSD\X-IVAP-CODE - PRUEBAS\SRC\XIVAP\IVAO\WIN32\OBJ\TCAS.OBJ
C:\PROG\FSD\X-IVAP-CODE - PRUEBAS\SRC\XIVAP\IVAO\WIN32\OBJ\SYSTEMCALLBACKS.OBJ
C:\PROG\FSD\X-IVAP-CODE - PRUEBAS\SRC\XIVAP\IVAO\WIN32\OBJ\STB_IMAGE_AUG.OBJ
C:\PROG\FSD\X-IVAP-CODE - PRUEBAS\SRC\XIVAP\IVAO\WIN32\OBJ\SOUNDGRAPHICS.OBJ
C:\PROG\FSD\X-IVAP-CODE - PRUEBAS\SRC\XIVAP\IVAO\WIN32\OBJ\REFINSPECTOR.OBJ
C:\PROG\FSD\X-IVAP-CODE - PRUEBAS\SRC\XIVAP\IVAO\WIN32\OBJ\PLANEPOSITION.OBJ
C:\PROG\FSD\X-IVAP-CODE - PRUEBAS\SRC\XIVAP\IVAO\WIN32\OBJ\NAVQUERY.OBJ
C:\PROG\FSD\X-IVAP-CODE - PRUEBAS\SRC\XIVAP\IVAO\WIN32\OBJ\UDP.OBJ
C:\PROG\FSD\X-IVAP-CODE - PRUEBAS\SRC\XIVAP\IVAO\WIN32\OBJ\STUNCLIENT.OBJ
C:\PROG\FSD\X-IVAP-CODE - PRUEBAS\SRC\XIVAP\IVAO\WIN32\OBJ\STUN.OBJ
C:\PROG\FSD\X-IVAP-CODE - PRUEBAS\SRC\XIVAP\IVAO\WIN32\OBJ\XPPOPUPS.OBJ
C:\PROG\FSD\X-IVAP-CODE - PRUEBAS\SRC\XIVAP\IVAO\WIN32\OBJ\XPLISTBOX.OBJ
C:\PROG\FSD\X-IVAP-CODE - PRUEBAS\SRC\XIVAP\IVAO\WIN32\OBJ\XUTILS.OBJ
C:\PROG\FSD\X-IVAP-CODE - PRUEBAS\SRC\XIVAP\IVAO\WIN32\OBJ\XPMPPLANERENDERER.OBJ
C:\PROG\FSD\X-IVAP-CODE - PRUEBAS\SRC\XIVAP\IVAO\WIN32\OBJ\XPMPMULTIPLAYERVARS.OBJ
C:\PROG\FSD\X-IVAP-CODE - PRUEBAS\SRC\XIVAP\IVAO\WIN32\OBJ\XPMPMULTIPLAYEROBJ.OBJ
C:\PROG\FSD\X-IVAP-CODE - PRUEBAS\SRC\XIVAP\IVAO\WIN32\OBJ\XPMPMULTIPLAYERCSL.OBJ
C:\PROG\FSD\X-IVAP-CODE - PRUEBAS\SRC\XIVAP\IVAO\WIN32\OBJ\XPMPMULTIPLAYER.OBJ
C:\PROG\FSD\X-IVAP-CODE - PRUEBAS\SRC\XIVAP\IVAO\WIN32\OBJ\XOGLUTILS.OBJ
C:\PROG\FSD\X-IVAP-CODE - PRUEBAS\SRC\XIVAP\IVAO\WIN32\OBJ\XOBJREADWRITE.OBJ
C:\PROG\FSD\X-IVAP-CODE - PRUEBAS\SRC\XIVAP\IVAO\WIN32\OBJ\XOBJDEFS.OBJ
C:\Prog\FSD\x-ivap-code - pruebas\src\XIvAp\IVAO\Win32\obj\aircraftDB.obj
C:\Prog\FSD\x-ivap-code - pruebas\src\XIvAp\IVAO\Win32\obj\airlinesDB.obj
C:\Prog\FSD\x-ivap-code - pruebas\src\XIvAp\IVAO\Win32\obj\atcPosition.obj
C:\Prog\FSD\x-ivap-code - pruebas\src\XIvAp\IVAO\Win32\obj\awyFinder.obj
C:\Prog\FSD\x-ivap-code - pruebas\src\XIvAp\IVAO\Win32\obj\BitmapUtils.obj
C:\Prog\FSD\x-ivap-code - pruebas\src\XIvAp\IVAO\Win32\obj\chatWindow.obj
C:\Prog\FSD\x-ivap-code - pruebas\src\XIvAp\IVAO\Win32\obj\configFile.obj
C:\Prog\FSD\x-ivap-code - pruebas\src\XIvAp\IVAO\Win32\obj\connectForm.obj
C:\Prog\FSD\x-ivap-code - pruebas\src\XIvAp\IVAO\Win32\obj\disconnectForm.obj
C:\Prog\FSD\x-ivap-code - pruebas\src\XIvAp\IVAO\Win32\obj\FlightLogger.obj
C:\Prog\FSD\x-ivap-code - pruebas\src\XIvAp\IVAO\Win32\obj\flightplanForm.obj
C:\Prog\FSD\x-ivap-code - pruebas\src\XIvAp\IVAO\Win32\obj\FMCform.obj
C:\Prog\FSD\x-ivap-code - pruebas\src\XIvAp\IVAO\Win32\obj\fsdapi.obj
C:\Prog\FSD\x-ivap-code - pruebas\src\XIvAp\IVAO\Win32\obj\fsdmessage.obj
C:\Prog\FSD\x-ivap-code - pruebas\src\XIvAp\IVAO\Win32\obj\helpers.obj
C:\Prog\FSD\x-ivap-code - pruebas\src\XIvAp\IVAO\Win32\obj\HTTPclient.obj
C:\Prog\FSD\x-ivap-code - pruebas\src\XIvAp\IVAO\Win32\obj\interpolator.obj
C:\Prog\FSD\x-ivap-code - pruebas\src\XIvAp\IVAO\Win32\obj\messageHandler.obj
C:\Prog\FSD\x-ivap-code - pruebas\src\XIvAp\IVAO\Win32\obj\messageWindow.obj
C:\Prog\FSD\x-ivap-code - pruebas\src\XIvAp\IVAO\Win32\obj\multiplayer.obj
C:\Prog\FSD\x-ivap-code - pruebas\src\XIvAp\IVAO\Win32\obj\multiplayerPilot.obj
C:\Prog\FSD\x-ivap-code - pruebas\src\XIvAp\IVAO\Win32\obj\navQuery.obj
C:\Prog\FSD\x-ivap-code - pruebas\src\XIvAp\IVAO\Win32\obj\planeposition.obj
C:\Prog\FSD\x-ivap-code - pruebas\src\XIvAp\IVAO\Win32\obj\PlatformUtils.win.obj
C:\Prog\FSD\x-ivap-code - pruebas\src\XIvAp\IVAO\Win32\obj\refInspector.obj
C:\Prog\FSD\x-ivap-code - pruebas\src\XIvAp\IVAO\Win32\obj\SoundGraphics.obj
C:\Prog\FSD\x-ivap-code - pruebas\src\XIvAp\IVAO\Win32\obj\stb_image_aug.obj
C:\Prog\FSD\x-ivap-code - pruebas\src\XIvAp\IVAO\Win32\obj\stun.obj
C:\Prog\FSD\x-ivap-code - pruebas\src\XIvAp\IVAO\Win32\obj\StunClient.obj
C:\Prog\FSD\x-ivap-code - pruebas\src\XIvAp\IVAO\Win32\obj\systemcallbacks.obj
C:\Prog\FSD\x-ivap-code - pruebas\src\XIvAp\IVAO\Win32\obj\Tcas.obj
C:\Prog\FSD\x-ivap-code - pruebas\src\XIvAp\IVAO\Win32\obj\tcpsocket.obj
C:\Prog\FSD\x-ivap-code - pruebas\src\XIvAp\IVAO\Win32\obj\TeamSpeak.obj
C:\Prog\FSD\x-ivap-code - pruebas\src\XIvAp\IVAO\Win32\obj\TexUtils.obj
C:\Prog\FSD\x-ivap-code - pruebas\src\XIvAp\IVAO\Win32\obj\TLVpacket.obj
C:\Prog\FSD\x-ivap-code - pruebas\src\XIvAp\IVAO\Win32\obj\udp.obj
C:\Prog\FSD\x-ivap-code - pruebas\src\XIvAp\IVAO\Win32\obj\uiWindow.obj
C:\Prog\FSD\x-ivap-code - pruebas\src\XIvAp\IVAO\Win32\obj\weatherGod.obj
C:\Prog\FSD\x-ivap-code - pruebas\src\XIvAp\IVAO\Win32\obj\weatherPosition.obj
C:\Prog\FSD\x-ivap-code - pruebas\src\XIvAp\IVAO\Win32\obj\WristWatch.obj
C:\Prog\FSD\x-ivap-code - pruebas\src\XIvAp\IVAO\Win32\obj\xivap.obj
C:\Prog\FSD\x-ivap-code - pruebas\src\XIvAp\IVAO\Win32\obj\xivapWin.obj
C:\Prog\FSD\x-ivap-code - pruebas\src\XIvAp\IVAO\Win32\obj\XObjDefs.obj
C:\Prog\FSD\x-ivap-code - pruebas\src\XIvAp\IVAO\Win32\obj\XObjReadWrite.obj
C:\Prog\FSD\x-ivap-code - pruebas\src\XIvAp\IVAO\Win32\obj\XOGLUtils.obj
C:\Prog\FSD\x-ivap-code - pruebas\src\XIvAp\IVAO\Win32\obj\XPListBox.obj
C:\Prog\FSD\x-ivap-code - pruebas\src\XIvAp\IVAO\Win32\obj\XPmessageBox.obj
C:\Prog\FSD\x-ivap-code - pruebas\src\XIvAp\IVAO\Win32\obj\XPMPMultiplayer.obj
C:\Prog\FSD\x-ivap-code - pruebas\src\XIvAp\IVAO\Win32\obj\XPMPMultiplayerCSL.obj
C:\Prog\FSD\x-ivap-code - pruebas\src\XIvAp\IVAO\Win32\obj\XPMPMultiplayerObj.obj
C:\Prog\FSD\x-ivap-code - pruebas\src\XIvAp\IVAO\Win32\obj\XPMPMultiplayerVars.obj
C:\Prog\FSD\x-ivap-code - pruebas\src\XIvAp\IVAO\Win32\obj\XPMPPlaneRenderer.obj
C:\Prog\FSD\x-ivap-code - pruebas\src\XIvAp\IVAO\Win32\obj\XPPopups.obj
C:\Prog\FSD\x-ivap-code - pruebas\src\XIvAp\IVAO\Win32\obj\XUtils.obj
C:\Prog\FSD\x-ivap-code - pruebas\src\XIvAp\IVAO\Win32\obj\cl.command.1.tlog
C:\Prog\FSD\x-ivap-code - pruebas\src\XIvAp\IVAO\Win32\obj\CL.read.1.tlog
C:\Prog\FSD\x-ivap-code - pruebas\src\XIvAp\IVAO\Win32\obj\CL.write.1.tlog
C:\Prog\FSD\x-ivap-code - pruebas\src\XIvAp\IVAO\Win32\obj\link.command.1.tlog
C:\Prog\FSD\x-ivap-code - pruebas\src\XIvAp\IVAO\Win32\obj\link.read.1.tlog
C:\Prog\FSD\x-ivap-code - pruebas\src\XIvAp\IVAO\Win32\obj\link.write.1.tlog
