C:\PROG\FSD\X-IVAP-CODE - PRUEBAS\SRC\XIVAP\IVAO\X64\OBJ\MULTIPLAYERPILOT.OBJ
C:\PROG\FSD\X-IVAP-CODE - PRUEBAS\SRC\XIVAP\IVAO\X64\OBJ\MULTIPLAYER.OBJ
C:\PROG\FSD\X-IVAP-CODE - PRUEBAS\SRC\XIVAP\IVAO\X64\OBJ\MESSAGEWINDOW.OBJ
C:\PROG\FSD\X-IVAP-CODE - PRUEBAS\SRC\XIVAP\IVAO\X64\OBJ\MESSAGEHANDLER.OBJ
C:\PROG\FSD\X-IVAP-CODE - PRUEBAS\SRC\XIVAP\IVAO\X64\OBJ\INTERPOLATOR.OBJ
C:\PROG\FSD\X-IVAP-CODE - PRUEBAS\SRC\XIVAP\IVAO\X64\OBJ\HTTPCLIENT.OBJ
C:\PROG\FSD\X-IVAP-CODE - PRUEBAS\SRC\XIVAP\IVAO\X64\OBJ\HELPERS.OBJ
C:\PROG\FSD\X-IVAP-CODE - PRUEBAS\SRC\XIVAP\IVAO\X64\OBJ\FSDMESSAGE.OBJ
C:\PROG\FSD\X-IVAP-CODE - PRUEBAS\SRC\XIVAP\IVAO\X64\OBJ\FSDAPI.OBJ
C:\PROG\FSD\X-IVAP-CODE - PRUEBAS\SRC\XIVAP\IVAO\X64\OBJ\FMCFORM.OBJ
C:\PROG\FSD\X-IVAP-CODE - PRUEBAS\SRC\XIVAP\IVAO\X64\OBJ\FLIGHTPLANFORM.OBJ
C:\PROG\FSD\X-IVAP-CODE - PRUEBAS\SRC\XIVAP\IVAO\X64\OBJ\FLIGHTLOGGER.OBJ
C:\PROG\FSD\X-IVAP-CODE - PRUEBAS\SRC\XIVAP\IVAO\X64\OBJ\DISCONNECTFORM.OBJ
C:\PROG\FSD\X-IVAP-CODE - PRUEBAS\SRC\XIVAP\IVAO\X64\OBJ\CONNECTFORM.OBJ
C:\PROG\FSD\X-IVAP-CODE - PRUEBAS\SRC\XIVAP\IVAO\X64\OBJ\CONFIGFILE.OBJ
C:\PROG\FSD\X-IVAP-CODE - PRUEBAS\SRC\XIVAP\IVAO\X64\OBJ\CHATWINDOW.OBJ
C:\PROG\FSD\X-IVAP-CODE - PRUEBAS\SRC\XIVAP\IVAO\X64\OBJ\AWYFINDER.OBJ
C:\PROG\FSD\X-IVAP-CODE - PRUEBAS\SRC\XIVAP\IVAO\X64\OBJ\ATCPOSITION.OBJ
C:\PROG\FSD\X-IVAP-CODE - PRUEBAS\SRC\XIVAP\IVAO\X64\OBJ\AIRLINESDB.OBJ
C:\PROG\FSD\X-IVAP-CODE - PRUEBAS\SRC\XIVAP\IVAO\X64\OBJ\AIRCRAFTDB.OBJ
C:\PROG\FSD\X-IVAP-CODE - PRUEBAS\SRC\XIVAP\IVAO\X64\OBJ\PLATFORMUTILS.WIN.OBJ
C:\PROG\FSD\X-IVAP-CODE - PRUEBAS\SRC\XIVAP\IVAO\X64\OBJ\BITMAPUTILS.OBJ
C:\PROG\FSD\X-IVAP-CODE - PRUEBAS\SRC\XIVAP\IVAO\X64\OBJ\TEXUTILS.OBJ
C:\PROG\FSD\X-IVAP-CODE - PRUEBAS\SRC\XIVAP\IVAO\X64\OBJ\XPMESSAGEBOX.OBJ
C:\PROG\FSD\X-IVAP-CODE - PRUEBAS\SRC\XIVAP\IVAO\X64\OBJ\XIVAPWIN.OBJ
C:\PROG\FSD\X-IVAP-CODE - PRUEBAS\SRC\XIVAP\IVAO\X64\OBJ\XIVAP.OBJ
C:\PROG\FSD\X-IVAP-CODE - PRUEBAS\SRC\XIVAP\IVAO\X64\OBJ\WRISTWATCH.OBJ
C:\PROG\FSD\X-IVAP-CODE - PRUEBAS\SRC\XIVAP\IVAO\X64\OBJ\WEATHERPOSITION.OBJ
C:\PROG\FSD\X-IVAP-CODE - PRUEBAS\SRC\XIVAP\IVAO\X64\OBJ\WEATHERGOD.OBJ
C:\PROG\FSD\X-IVAP-CODE - PRUEBAS\SRC\XIVAP\IVAO\X64\OBJ\UIWINDOW.OBJ
C:\PROG\FSD\X-IVAP-CODE - PRUEBAS\SRC\XIVAP\IVAO\X64\OBJ\TLVPACKET.OBJ
C:\PROG\FSD\X-IVAP-CODE - PRUEBAS\SRC\XIVAP\IVAO\X64\OBJ\TEAMSPEAK.OBJ
C:\PROG\FSD\X-IVAP-CODE - PRUEBAS\SRC\XIVAP\IVAO\X64\OBJ\TCPSOCKET.OBJ
C:\PROG\FSD\X-IVAP-CODE - PRUEBAS\SRC\XIVAP\IVAO\X64\OBJ\TCAS.OBJ
C:\PROG\FSD\X-IVAP-CODE - PRUEBAS\SRC\XIVAP\IVAO\X64\OBJ\SYSTEMCALLBACKS.OBJ
C:\PROG\FSD\X-IVAP-CODE - PRUEBAS\SRC\XIVAP\IVAO\X64\OBJ\STB_IMAGE_AUG.OBJ
C:\PROG\FSD\X-IVAP-CODE - PRUEBAS\SRC\XIVAP\IVAO\X64\OBJ\SOUNDGRAPHICS.OBJ
C:\PROG\FSD\X-IVAP-CODE - PRUEBAS\SRC\XIVAP\IVAO\X64\OBJ\REFINSPECTOR.OBJ
C:\PROG\FSD\X-IVAP-CODE - PRUEBAS\SRC\XIVAP\IVAO\X64\OBJ\PLANEPOSITION.OBJ
C:\PROG\FSD\X-IVAP-CODE - PRUEBAS\SRC\XIVAP\IVAO\X64\OBJ\NAVQUERY.OBJ
C:\PROG\FSD\X-IVAP-CODE - PRUEBAS\SRC\XIVAP\IVAO\X64\OBJ\UDP.OBJ
C:\PROG\FSD\X-IVAP-CODE - PRUEBAS\SRC\XIVAP\IVAO\X64\OBJ\STUNCLIENT.OBJ
C:\PROG\FSD\X-IVAP-CODE - PRUEBAS\SRC\XIVAP\IVAO\X64\OBJ\STUN.OBJ
C:\PROG\FSD\X-IVAP-CODE - PRUEBAS\SRC\XIVAP\IVAO\X64\OBJ\XPPOPUPS.OBJ
C:\PROG\FSD\X-IVAP-CODE - PRUEBAS\SRC\XIVAP\IVAO\X64\OBJ\XPLISTBOX.OBJ
C:\PROG\FSD\X-IVAP-CODE - PRUEBAS\SRC\XIVAP\IVAO\X64\OBJ\XUTILS.OBJ
C:\PROG\FSD\X-IVAP-CODE - PRUEBAS\SRC\XIVAP\IVAO\X64\OBJ\XPMPPLANERENDERER.OBJ
C:\PROG\FSD\X-IVAP-CODE - PRUEBAS\SRC\XIVAP\IVAO\X64\OBJ\XPMPMULTIPLAYERVARS.OBJ
C:\PROG\FSD\X-IVAP-CODE - PRUEBAS\SRC\XIVAP\IVAO\X64\OBJ\XPMPMULTIPLAYEROBJ.OBJ
C:\PROG\FSD\X-IVAP-CODE - PRUEBAS\SRC\XIVAP\IVAO\X64\OBJ\XPMPMULTIPLAYERCSL.OBJ
C:\PROG\FSD\X-IVAP-CODE - PRUEBAS\SRC\XIVAP\IVAO\X64\OBJ\XPMPMULTIPLAYER.OBJ
C:\PROG\FSD\X-IVAP-CODE - PRUEBAS\SRC\XIVAP\IVAO\X64\OBJ\XOGLUTILS.OBJ
C:\PROG\FSD\X-IVAP-CODE - PRUEBAS\SRC\XIVAP\IVAO\X64\OBJ\XOBJREADWRITE.OBJ
C:\PROG\FSD\X-IVAP-CODE - PRUEBAS\SRC\XIVAP\IVAO\X64\OBJ\XOBJDEFS.OBJ
C:\Prog\FSD\x-ivap-code - pruebas\src\XIvAp\IVAO\x64\bin\X-IvAp-64.lib
C:\Prog\FSD\x-ivap-code - pruebas\src\XIvAp\IVAO\x64\bin\X-IvAp-64.exp
C:\Prog\FSD\x-ivap-code - pruebas\src\XIvAp\IVAO\x64\obj\aircraftDB.obj
C:\Prog\FSD\x-ivap-code - pruebas\src\XIvAp\IVAO\x64\obj\airlinesDB.obj
C:\Prog\FSD\x-ivap-code - pruebas\src\XIvAp\IVAO\x64\obj\atcPosition.obj
C:\Prog\FSD\x-ivap-code - pruebas\src\XIvAp\IVAO\x64\obj\awyFinder.obj
C:\Prog\FSD\x-ivap-code - pruebas\src\XIvAp\IVAO\x64\obj\BitmapUtils.obj
C:\Prog\FSD\x-ivap-code - pruebas\src\XIvAp\IVAO\x64\obj\chatWindow.obj
C:\Prog\FSD\x-ivap-code - pruebas\src\XIvAp\IVAO\x64\obj\configFile.obj
C:\Prog\FSD\x-ivap-code - pruebas\src\XIvAp\IVAO\x64\obj\connectForm.obj
C:\Prog\FSD\x-ivap-code - pruebas\src\XIvAp\IVAO\x64\obj\disconnectForm.obj
C:\Prog\FSD\x-ivap-code - pruebas\src\XIvAp\IVAO\x64\obj\FlightLogger.obj
C:\Prog\FSD\x-ivap-code - pruebas\src\XIvAp\IVAO\x64\obj\flightplanForm.obj
C:\Prog\FSD\x-ivap-code - pruebas\src\XIvAp\IVAO\x64\obj\FMCform.obj
C:\Prog\FSD\x-ivap-code - pruebas\src\XIvAp\IVAO\x64\obj\fsdapi.obj
C:\Prog\FSD\x-ivap-code - pruebas\src\XIvAp\IVAO\x64\obj\fsdmessage.obj
C:\Prog\FSD\x-ivap-code - pruebas\src\XIvAp\IVAO\x64\obj\helpers.obj
C:\Prog\FSD\x-ivap-code - pruebas\src\XIvAp\IVAO\x64\obj\HTTPclient.obj
C:\Prog\FSD\x-ivap-code - pruebas\src\XIvAp\IVAO\x64\obj\interpolator.obj
C:\Prog\FSD\x-ivap-code - pruebas\src\XIvAp\IVAO\x64\obj\messageHandler.obj
C:\Prog\FSD\x-ivap-code - pruebas\src\XIvAp\IVAO\x64\obj\messageWindow.obj
C:\Prog\FSD\x-ivap-code - pruebas\src\XIvAp\IVAO\x64\obj\multiplayer.obj
C:\Prog\FSD\x-ivap-code - pruebas\src\XIvAp\IVAO\x64\obj\multiplayerPilot.obj
C:\Prog\FSD\x-ivap-code - pruebas\src\XIvAp\IVAO\x64\obj\navQuery.obj
C:\Prog\FSD\x-ivap-code - pruebas\src\XIvAp\IVAO\x64\obj\planeposition.obj
C:\Prog\FSD\x-ivap-code - pruebas\src\XIvAp\IVAO\x64\obj\PlatformUtils.win.obj
C:\Prog\FSD\x-ivap-code - pruebas\src\XIvAp\IVAO\x64\obj\refInspector.obj
C:\Prog\FSD\x-ivap-code - pruebas\src\XIvAp\IVAO\x64\obj\SoundGraphics.obj
C:\Prog\FSD\x-ivap-code - pruebas\src\XIvAp\IVAO\x64\obj\stb_image_aug.obj
C:\Prog\FSD\x-ivap-code - pruebas\src\XIvAp\IVAO\x64\obj\stun.obj
C:\Prog\FSD\x-ivap-code - pruebas\src\XIvAp\IVAO\x64\obj\StunClient.obj
C:\Prog\FSD\x-ivap-code - pruebas\src\XIvAp\IVAO\x64\obj\systemcallbacks.obj
C:\Prog\FSD\x-ivap-code - pruebas\src\XIvAp\IVAO\x64\obj\Tcas.obj
C:\Prog\FSD\x-ivap-code - pruebas\src\XIvAp\IVAO\x64\obj\tcpsocket.obj
C:\Prog\FSD\x-ivap-code - pruebas\src\XIvAp\IVAO\x64\obj\TeamSpeak.obj
C:\Prog\FSD\x-ivap-code - pruebas\src\XIvAp\IVAO\x64\obj\TexUtils.obj
C:\Prog\FSD\x-ivap-code - pruebas\src\XIvAp\IVAO\x64\obj\TLVpacket.obj
C:\Prog\FSD\x-ivap-code - pruebas\src\XIvAp\IVAO\x64\obj\udp.obj
C:\Prog\FSD\x-ivap-code - pruebas\src\XIvAp\IVAO\x64\obj\uiWindow.obj
C:\Prog\FSD\x-ivap-code - pruebas\src\XIvAp\IVAO\x64\obj\weatherGod.obj
C:\Prog\FSD\x-ivap-code - pruebas\src\XIvAp\IVAO\x64\obj\weatherPosition.obj
C:\Prog\FSD\x-ivap-code - pruebas\src\XIvAp\IVAO\x64\obj\WristWatch.obj
C:\Prog\FSD\x-ivap-code - pruebas\src\XIvAp\IVAO\x64\obj\xivap.obj
C:\Prog\FSD\x-ivap-code - pruebas\src\XIvAp\IVAO\x64\obj\xivapWin.obj
C:\Prog\FSD\x-ivap-code - pruebas\src\XIvAp\IVAO\x64\obj\XObjDefs.obj
C:\Prog\FSD\x-ivap-code - pruebas\src\XIvAp\IVAO\x64\obj\XObjReadWrite.obj
C:\Prog\FSD\x-ivap-code - pruebas\src\XIvAp\IVAO\x64\obj\XOGLUtils.obj
C:\Prog\FSD\x-ivap-code - pruebas\src\XIvAp\IVAO\x64\obj\XPListBox.obj
C:\Prog\FSD\x-ivap-code - pruebas\src\XIvAp\IVAO\x64\obj\XPmessageBox.obj
C:\Prog\FSD\x-ivap-code - pruebas\src\XIvAp\IVAO\x64\obj\XPMPMultiplayer.obj
C:\Prog\FSD\x-ivap-code - pruebas\src\XIvAp\IVAO\x64\obj\XPMPMultiplayerCSL.obj
C:\Prog\FSD\x-ivap-code - pruebas\src\XIvAp\IVAO\x64\obj\XPMPMultiplayerObj.obj
C:\Prog\FSD\x-ivap-code - pruebas\src\XIvAp\IVAO\x64\obj\XPMPMultiplayerVars.obj
C:\Prog\FSD\x-ivap-code - pruebas\src\XIvAp\IVAO\x64\obj\XPMPPlaneRenderer.obj
C:\Prog\FSD\x-ivap-code - pruebas\src\XIvAp\IVAO\x64\obj\XPPopups.obj
C:\Prog\FSD\x-ivap-code - pruebas\src\XIvAp\IVAO\x64\obj\XUtils.obj
C:\Prog\FSD\x-ivap-code - pruebas\src\XIvAp\IVAO\x64\obj\cl.command.1.tlog
C:\Prog\FSD\x-ivap-code - pruebas\src\XIvAp\IVAO\x64\obj\CL.read.1.tlog
C:\Prog\FSD\x-ivap-code - pruebas\src\XIvAp\IVAO\x64\obj\CL.write.1.tlog
C:\Prog\FSD\x-ivap-code - pruebas\src\XIvAp\IVAO\x64\obj\link-cvtres.read.1.tlog
C:\Prog\FSD\x-ivap-code - pruebas\src\XIvAp\IVAO\x64\obj\link-cvtres.write.1.tlog
C:\Prog\FSD\x-ivap-code - pruebas\src\XIvAp\IVAO\x64\obj\link-rc.read.1.tlog
C:\Prog\FSD\x-ivap-code - pruebas\src\XIvAp\IVAO\x64\obj\link-rc.write.1.tlog
C:\Prog\FSD\x-ivap-code - pruebas\src\XIvAp\IVAO\x64\obj\link.1000-cvtres.read.1.tlog
C:\Prog\FSD\x-ivap-code - pruebas\src\XIvAp\IVAO\x64\obj\link.1000-cvtres.write.1.tlog
C:\Prog\FSD\x-ivap-code - pruebas\src\XIvAp\IVAO\x64\obj\link.1000-rc.read.1.tlog
C:\Prog\FSD\x-ivap-code - pruebas\src\XIvAp\IVAO\x64\obj\link.1000-rc.write.1.tlog
C:\Prog\FSD\x-ivap-code - pruebas\src\XIvAp\IVAO\x64\obj\link.1000.read.1.tlog
C:\Prog\FSD\x-ivap-code - pruebas\src\XIvAp\IVAO\x64\obj\link.1000.write.1.tlog
C:\Prog\FSD\x-ivap-code - pruebas\src\XIvAp\IVAO\x64\obj\link.10620-cvtres.read.1.tlog
C:\Prog\FSD\x-ivap-code - pruebas\src\XIvAp\IVAO\x64\obj\link.10620-cvtres.write.1.tlog
C:\Prog\FSD\x-ivap-code - pruebas\src\XIvAp\IVAO\x64\obj\link.10620-rc.read.1.tlog
C:\Prog\FSD\x-ivap-code - pruebas\src\XIvAp\IVAO\x64\obj\link.10620-rc.write.1.tlog
C:\Prog\FSD\x-ivap-code - pruebas\src\XIvAp\IVAO\x64\obj\link.10620.read.1.tlog
C:\Prog\FSD\x-ivap-code - pruebas\src\XIvAp\IVAO\x64\obj\link.10620.write.1.tlog
C:\Prog\FSD\x-ivap-code - pruebas\src\XIvAp\IVAO\x64\obj\link.10640-cvtres.read.1.tlog
C:\Prog\FSD\x-ivap-code - pruebas\src\XIvAp\IVAO\x64\obj\link.10640-cvtres.write.1.tlog
C:\Prog\FSD\x-ivap-code - pruebas\src\XIvAp\IVAO\x64\obj\link.10640-rc.read.1.tlog
C:\Prog\FSD\x-ivap-code - pruebas\src\XIvAp\IVAO\x64\obj\link.10640-rc.write.1.tlog
C:\Prog\FSD\x-ivap-code - pruebas\src\XIvAp\IVAO\x64\obj\link.10640.read.1.tlog
C:\Prog\FSD\x-ivap-code - pruebas\src\XIvAp\IVAO\x64\obj\link.10640.write.1.tlog
C:\Prog\FSD\x-ivap-code - pruebas\src\XIvAp\IVAO\x64\obj\link.10688-cvtres.read.1.tlog
C:\Prog\FSD\x-ivap-code - pruebas\src\XIvAp\IVAO\x64\obj\link.10688-cvtres.write.1.tlog
C:\Prog\FSD\x-ivap-code - pruebas\src\XIvAp\IVAO\x64\obj\link.10688-rc.read.1.tlog
C:\Prog\FSD\x-ivap-code - pruebas\src\XIvAp\IVAO\x64\obj\link.10688-rc.write.1.tlog
C:\Prog\FSD\x-ivap-code - pruebas\src\XIvAp\IVAO\x64\obj\link.10688.read.1.tlog
C:\Prog\FSD\x-ivap-code - pruebas\src\XIvAp\IVAO\x64\obj\link.10688.write.1.tlog
C:\Prog\FSD\x-ivap-code - pruebas\src\XIvAp\IVAO\x64\obj\link.10844-cvtres.read.1.tlog
C:\Prog\FSD\x-ivap-code - pruebas\src\XIvAp\IVAO\x64\obj\link.10844-cvtres.write.1.tlog
C:\Prog\FSD\x-ivap-code - pruebas\src\XIvAp\IVAO\x64\obj\link.10844-rc.read.1.tlog
C:\Prog\FSD\x-ivap-code - pruebas\src\XIvAp\IVAO\x64\obj\link.10844-rc.write.1.tlog
C:\Prog\FSD\x-ivap-code - pruebas\src\XIvAp\IVAO\x64\obj\link.10844.read.1.tlog
C:\Prog\FSD\x-ivap-code - pruebas\src\XIvAp\IVAO\x64\obj\link.10844.write.1.tlog
C:\Prog\FSD\x-ivap-code - pruebas\src\XIvAp\IVAO\x64\obj\link.11212-cvtres.read.1.tlog
C:\Prog\FSD\x-ivap-code - pruebas\src\XIvAp\IVAO\x64\obj\link.11212-cvtres.write.1.tlog
C:\Prog\FSD\x-ivap-code - pruebas\src\XIvAp\IVAO\x64\obj\link.11212-rc.read.1.tlog
C:\Prog\FSD\x-ivap-code - pruebas\src\XIvAp\IVAO\x64\obj\link.11212-rc.write.1.tlog
C:\Prog\FSD\x-ivap-code - pruebas\src\XIvAp\IVAO\x64\obj\link.11212.read.1.tlog
C:\Prog\FSD\x-ivap-code - pruebas\src\XIvAp\IVAO\x64\obj\link.11212.write.1.tlog
C:\Prog\FSD\x-ivap-code - pruebas\src\XIvAp\IVAO\x64\obj\link.11248-cvtres.read.1.tlog
C:\Prog\FSD\x-ivap-code - pruebas\src\XIvAp\IVAO\x64\obj\link.11248-cvtres.write.1.tlog
C:\Prog\FSD\x-ivap-code - pruebas\src\XIvAp\IVAO\x64\obj\link.11248-rc.read.1.tlog
C:\Prog\FSD\x-ivap-code - pruebas\src\XIvAp\IVAO\x64\obj\link.11248-rc.write.1.tlog
C:\Prog\FSD\x-ivap-code - pruebas\src\XIvAp\IVAO\x64\obj\link.11248.read.1.tlog
C:\Prog\FSD\x-ivap-code - pruebas\src\XIvAp\IVAO\x64\obj\link.11248.write.1.tlog
C:\Prog\FSD\x-ivap-code - pruebas\src\XIvAp\IVAO\x64\obj\link.11532-cvtres.read.1.tlog
C:\Prog\FSD\x-ivap-code - pruebas\src\XIvAp\IVAO\x64\obj\link.11532-cvtres.write.1.tlog
C:\Prog\FSD\x-ivap-code - pruebas\src\XIvAp\IVAO\x64\obj\link.11532-rc.read.1.tlog
C:\Prog\FSD\x-ivap-code - pruebas\src\XIvAp\IVAO\x64\obj\link.11532-rc.write.1.tlog
C:\Prog\FSD\x-ivap-code - pruebas\src\XIvAp\IVAO\x64\obj\link.11532.read.1.tlog
C:\Prog\FSD\x-ivap-code - pruebas\src\XIvAp\IVAO\x64\obj\link.11532.write.1.tlog
C:\Prog\FSD\x-ivap-code - pruebas\src\XIvAp\IVAO\x64\obj\link.11700-cvtres.read.1.tlog
C:\Prog\FSD\x-ivap-code - pruebas\src\XIvAp\IVAO\x64\obj\link.11700-cvtres.write.1.tlog
C:\Prog\FSD\x-ivap-code - pruebas\src\XIvAp\IVAO\x64\obj\link.11700-rc.read.1.tlog
C:\Prog\FSD\x-ivap-code - pruebas\src\XIvAp\IVAO\x64\obj\link.11700-rc.write.1.tlog
C:\Prog\FSD\x-ivap-code - pruebas\src\XIvAp\IVAO\x64\obj\link.11700.read.1.tlog
C:\Prog\FSD\x-ivap-code - pruebas\src\XIvAp\IVAO\x64\obj\link.11700.write.1.tlog
C:\Prog\FSD\x-ivap-code - pruebas\src\XIvAp\IVAO\x64\obj\link.11796-cvtres.read.1.tlog
C:\Prog\FSD\x-ivap-code - pruebas\src\XIvAp\IVAO\x64\obj\link.11796-cvtres.write.1.tlog
C:\Prog\FSD\x-ivap-code - pruebas\src\XIvAp\IVAO\x64\obj\link.11796-rc.read.1.tlog
C:\Prog\FSD\x-ivap-code - pruebas\src\XIvAp\IVAO\x64\obj\link.11796-rc.write.1.tlog
C:\Prog\FSD\x-ivap-code - pruebas\src\XIvAp\IVAO\x64\obj\link.11796.read.1.tlog
C:\Prog\FSD\x-ivap-code - pruebas\src\XIvAp\IVAO\x64\obj\link.11796.write.1.tlog
C:\Prog\FSD\x-ivap-code - pruebas\src\XIvAp\IVAO\x64\obj\link.12032-cvtres.read.1.tlog
C:\Prog\FSD\x-ivap-code - pruebas\src\XIvAp\IVAO\x64\obj\link.12032-cvtres.write.1.tlog
C:\Prog\FSD\x-ivap-code - pruebas\src\XIvAp\IVAO\x64\obj\link.12032-rc.read.1.tlog
C:\Prog\FSD\x-ivap-code - pruebas\src\XIvAp\IVAO\x64\obj\link.12032-rc.write.1.tlog
C:\Prog\FSD\x-ivap-code - pruebas\src\XIvAp\IVAO\x64\obj\link.12032.read.1.tlog
C:\Prog\FSD\x-ivap-code - pruebas\src\XIvAp\IVAO\x64\obj\link.12032.write.1.tlog
C:\Prog\FSD\x-ivap-code - pruebas\src\XIvAp\IVAO\x64\obj\link.12196-cvtres.read.1.tlog
C:\Prog\FSD\x-ivap-code - pruebas\src\XIvAp\IVAO\x64\obj\link.12196-cvtres.write.1.tlog
C:\Prog\FSD\x-ivap-code - pruebas\src\XIvAp\IVAO\x64\obj\link.12196-rc.read.1.tlog
C:\Prog\FSD\x-ivap-code - pruebas\src\XIvAp\IVAO\x64\obj\link.12196-rc.write.1.tlog
C:\Prog\FSD\x-ivap-code - pruebas\src\XIvAp\IVAO\x64\obj\link.12196.read.1.tlog
C:\Prog\FSD\x-ivap-code - pruebas\src\XIvAp\IVAO\x64\obj\link.12196.write.1.tlog
C:\Prog\FSD\x-ivap-code - pruebas\src\XIvAp\IVAO\x64\obj\link.12236-cvtres.read.1.tlog
C:\Prog\FSD\x-ivap-code - pruebas\src\XIvAp\IVAO\x64\obj\link.12236-cvtres.write.1.tlog
C:\Prog\FSD\x-ivap-code - pruebas\src\XIvAp\IVAO\x64\obj\link.12236-rc.read.1.tlog
C:\Prog\FSD\x-ivap-code - pruebas\src\XIvAp\IVAO\x64\obj\link.12236-rc.write.1.tlog
C:\Prog\FSD\x-ivap-code - pruebas\src\XIvAp\IVAO\x64\obj\link.12236.read.1.tlog
C:\Prog\FSD\x-ivap-code - pruebas\src\XIvAp\IVAO\x64\obj\link.12236.write.1.tlog
C:\Prog\FSD\x-ivap-code - pruebas\src\XIvAp\IVAO\x64\obj\link.12512-cvtres.read.1.tlog
C:\Prog\FSD\x-ivap-code - pruebas\src\XIvAp\IVAO\x64\obj\link.12512-cvtres.write.1.tlog
C:\Prog\FSD\x-ivap-code - pruebas\src\XIvAp\IVAO\x64\obj\link.12512-rc.read.1.tlog
C:\Prog\FSD\x-ivap-code - pruebas\src\XIvAp\IVAO\x64\obj\link.12512-rc.write.1.tlog
C:\Prog\FSD\x-ivap-code - pruebas\src\XIvAp\IVAO\x64\obj\link.12512.read.1.tlog
C:\Prog\FSD\x-ivap-code - pruebas\src\XIvAp\IVAO\x64\obj\link.12512.write.1.tlog
C:\Prog\FSD\x-ivap-code - pruebas\src\XIvAp\IVAO\x64\obj\link.12540-cvtres.read.1.tlog
C:\Prog\FSD\x-ivap-code - pruebas\src\XIvAp\IVAO\x64\obj\link.12540-cvtres.write.1.tlog
C:\Prog\FSD\x-ivap-code - pruebas\src\XIvAp\IVAO\x64\obj\link.12540-rc.read.1.tlog
C:\Prog\FSD\x-ivap-code - pruebas\src\XIvAp\IVAO\x64\obj\link.12540-rc.write.1.tlog
C:\Prog\FSD\x-ivap-code - pruebas\src\XIvAp\IVAO\x64\obj\link.12540.read.1.tlog
C:\Prog\FSD\x-ivap-code - pruebas\src\XIvAp\IVAO\x64\obj\link.12540.write.1.tlog
C:\Prog\FSD\x-ivap-code - pruebas\src\XIvAp\IVAO\x64\obj\link.13060-cvtres.read.1.tlog
C:\Prog\FSD\x-ivap-code - pruebas\src\XIvAp\IVAO\x64\obj\link.13060-cvtres.write.1.tlog
C:\Prog\FSD\x-ivap-code - pruebas\src\XIvAp\IVAO\x64\obj\link.13060-rc.read.1.tlog
C:\Prog\FSD\x-ivap-code - pruebas\src\XIvAp\IVAO\x64\obj\link.13060-rc.write.1.tlog
C:\Prog\FSD\x-ivap-code - pruebas\src\XIvAp\IVAO\x64\obj\link.13060.read.1.tlog
C:\Prog\FSD\x-ivap-code - pruebas\src\XIvAp\IVAO\x64\obj\link.13060.write.1.tlog
C:\Prog\FSD\x-ivap-code - pruebas\src\XIvAp\IVAO\x64\obj\link.13776-cvtres.read.1.tlog
C:\Prog\FSD\x-ivap-code - pruebas\src\XIvAp\IVAO\x64\obj\link.13776-cvtres.write.1.tlog
C:\Prog\FSD\x-ivap-code - pruebas\src\XIvAp\IVAO\x64\obj\link.13776-rc.read.1.tlog
C:\Prog\FSD\x-ivap-code - pruebas\src\XIvAp\IVAO\x64\obj\link.13776-rc.write.1.tlog
C:\Prog\FSD\x-ivap-code - pruebas\src\XIvAp\IVAO\x64\obj\link.13776.read.1.tlog
C:\Prog\FSD\x-ivap-code - pruebas\src\XIvAp\IVAO\x64\obj\link.13776.write.1.tlog
C:\Prog\FSD\x-ivap-code - pruebas\src\XIvAp\IVAO\x64\obj\link.2788-cvtres.read.1.tlog
C:\Prog\FSD\x-ivap-code - pruebas\src\XIvAp\IVAO\x64\obj\link.2788-cvtres.write.1.tlog
C:\Prog\FSD\x-ivap-code - pruebas\src\XIvAp\IVAO\x64\obj\link.2788-rc.read.1.tlog
C:\Prog\FSD\x-ivap-code - pruebas\src\XIvAp\IVAO\x64\obj\link.2788-rc.write.1.tlog
C:\Prog\FSD\x-ivap-code - pruebas\src\XIvAp\IVAO\x64\obj\link.2788.read.1.tlog
C:\Prog\FSD\x-ivap-code - pruebas\src\XIvAp\IVAO\x64\obj\link.2788.write.1.tlog
C:\Prog\FSD\x-ivap-code - pruebas\src\XIvAp\IVAO\x64\obj\link.3064-cvtres.read.1.tlog
C:\Prog\FSD\x-ivap-code - pruebas\src\XIvAp\IVAO\x64\obj\link.3064-cvtres.write.1.tlog
C:\Prog\FSD\x-ivap-code - pruebas\src\XIvAp\IVAO\x64\obj\link.3064-rc.read.1.tlog
C:\Prog\FSD\x-ivap-code - pruebas\src\XIvAp\IVAO\x64\obj\link.3064-rc.write.1.tlog
C:\Prog\FSD\x-ivap-code - pruebas\src\XIvAp\IVAO\x64\obj\link.3064.read.1.tlog
C:\Prog\FSD\x-ivap-code - pruebas\src\XIvAp\IVAO\x64\obj\link.3064.write.1.tlog
C:\Prog\FSD\x-ivap-code - pruebas\src\XIvAp\IVAO\x64\obj\link.4256-cvtres.read.1.tlog
C:\Prog\FSD\x-ivap-code - pruebas\src\XIvAp\IVAO\x64\obj\link.4256-cvtres.write.1.tlog
C:\Prog\FSD\x-ivap-code - pruebas\src\XIvAp\IVAO\x64\obj\link.4256-rc.read.1.tlog
C:\Prog\FSD\x-ivap-code - pruebas\src\XIvAp\IVAO\x64\obj\link.4256-rc.write.1.tlog
C:\Prog\FSD\x-ivap-code - pruebas\src\XIvAp\IVAO\x64\obj\link.4256.read.1.tlog
C:\Prog\FSD\x-ivap-code - pruebas\src\XIvAp\IVAO\x64\obj\link.4256.write.1.tlog
C:\Prog\FSD\x-ivap-code - pruebas\src\XIvAp\IVAO\x64\obj\link.4548-cvtres.read.1.tlog
C:\Prog\FSD\x-ivap-code - pruebas\src\XIvAp\IVAO\x64\obj\link.4548-cvtres.write.1.tlog
C:\Prog\FSD\x-ivap-code - pruebas\src\XIvAp\IVAO\x64\obj\link.4548-rc.read.1.tlog
C:\Prog\FSD\x-ivap-code - pruebas\src\XIvAp\IVAO\x64\obj\link.4548-rc.write.1.tlog
C:\Prog\FSD\x-ivap-code - pruebas\src\XIvAp\IVAO\x64\obj\link.4548.read.1.tlog
C:\Prog\FSD\x-ivap-code - pruebas\src\XIvAp\IVAO\x64\obj\link.4548.write.1.tlog
C:\Prog\FSD\x-ivap-code - pruebas\src\XIvAp\IVAO\x64\obj\link.4964-cvtres.read.1.tlog
C:\Prog\FSD\x-ivap-code - pruebas\src\XIvAp\IVAO\x64\obj\link.4964-cvtres.write.1.tlog
C:\Prog\FSD\x-ivap-code - pruebas\src\XIvAp\IVAO\x64\obj\link.4964-rc.read.1.tlog
C:\Prog\FSD\x-ivap-code - pruebas\src\XIvAp\IVAO\x64\obj\link.4964-rc.write.1.tlog
C:\Prog\FSD\x-ivap-code - pruebas\src\XIvAp\IVAO\x64\obj\link.4964.read.1.tlog
C:\Prog\FSD\x-ivap-code - pruebas\src\XIvAp\IVAO\x64\obj\link.4964.write.1.tlog
C:\Prog\FSD\x-ivap-code - pruebas\src\XIvAp\IVAO\x64\obj\link.5796-cvtres.read.1.tlog
C:\Prog\FSD\x-ivap-code - pruebas\src\XIvAp\IVAO\x64\obj\link.5796-cvtres.write.1.tlog
C:\Prog\FSD\x-ivap-code - pruebas\src\XIvAp\IVAO\x64\obj\link.5796-rc.read.1.tlog
C:\Prog\FSD\x-ivap-code - pruebas\src\XIvAp\IVAO\x64\obj\link.5796-rc.write.1.tlog
C:\Prog\FSD\x-ivap-code - pruebas\src\XIvAp\IVAO\x64\obj\link.5796.read.1.tlog
C:\Prog\FSD\x-ivap-code - pruebas\src\XIvAp\IVAO\x64\obj\link.5796.write.1.tlog
C:\Prog\FSD\x-ivap-code - pruebas\src\XIvAp\IVAO\x64\obj\link.6164-cvtres.read.1.tlog
C:\Prog\FSD\x-ivap-code - pruebas\src\XIvAp\IVAO\x64\obj\link.6164-cvtres.write.1.tlog
C:\Prog\FSD\x-ivap-code - pruebas\src\XIvAp\IVAO\x64\obj\link.6164-rc.read.1.tlog
C:\Prog\FSD\x-ivap-code - pruebas\src\XIvAp\IVAO\x64\obj\link.6164-rc.write.1.tlog
C:\Prog\FSD\x-ivap-code - pruebas\src\XIvAp\IVAO\x64\obj\link.6164.read.1.tlog
C:\Prog\FSD\x-ivap-code - pruebas\src\XIvAp\IVAO\x64\obj\link.6164.write.1.tlog
C:\Prog\FSD\x-ivap-code - pruebas\src\XIvAp\IVAO\x64\obj\link.6964-cvtres.read.1.tlog
C:\Prog\FSD\x-ivap-code - pruebas\src\XIvAp\IVAO\x64\obj\link.6964-cvtres.write.1.tlog
C:\Prog\FSD\x-ivap-code - pruebas\src\XIvAp\IVAO\x64\obj\link.6964-rc.read.1.tlog
C:\Prog\FSD\x-ivap-code - pruebas\src\XIvAp\IVAO\x64\obj\link.6964-rc.write.1.tlog
C:\Prog\FSD\x-ivap-code - pruebas\src\XIvAp\IVAO\x64\obj\link.6964.read.1.tlog
C:\Prog\FSD\x-ivap-code - pruebas\src\XIvAp\IVAO\x64\obj\link.6964.write.1.tlog
C:\Prog\FSD\x-ivap-code - pruebas\src\XIvAp\IVAO\x64\obj\link.7288-cvtres.read.1.tlog
C:\Prog\FSD\x-ivap-code - pruebas\src\XIvAp\IVAO\x64\obj\link.7288-cvtres.write.1.tlog
C:\Prog\FSD\x-ivap-code - pruebas\src\XIvAp\IVAO\x64\obj\link.7288-rc.read.1.tlog
C:\Prog\FSD\x-ivap-code - pruebas\src\XIvAp\IVAO\x64\obj\link.7288-rc.write.1.tlog
C:\Prog\FSD\x-ivap-code - pruebas\src\XIvAp\IVAO\x64\obj\link.7288.read.1.tlog
C:\Prog\FSD\x-ivap-code - pruebas\src\XIvAp\IVAO\x64\obj\link.7288.write.1.tlog
C:\Prog\FSD\x-ivap-code - pruebas\src\XIvAp\IVAO\x64\obj\link.7344-cvtres.read.1.tlog
C:\Prog\FSD\x-ivap-code - pruebas\src\XIvAp\IVAO\x64\obj\link.7344-cvtres.write.1.tlog
C:\Prog\FSD\x-ivap-code - pruebas\src\XIvAp\IVAO\x64\obj\link.7344-rc.read.1.tlog
C:\Prog\FSD\x-ivap-code - pruebas\src\XIvAp\IVAO\x64\obj\link.7344-rc.write.1.tlog
C:\Prog\FSD\x-ivap-code - pruebas\src\XIvAp\IVAO\x64\obj\link.7344.read.1.tlog
C:\Prog\FSD\x-ivap-code - pruebas\src\XIvAp\IVAO\x64\obj\link.7344.write.1.tlog
C:\Prog\FSD\x-ivap-code - pruebas\src\XIvAp\IVAO\x64\obj\link.7968-cvtres.read.1.tlog
C:\Prog\FSD\x-ivap-code - pruebas\src\XIvAp\IVAO\x64\obj\link.7968-cvtres.write.1.tlog
C:\Prog\FSD\x-ivap-code - pruebas\src\XIvAp\IVAO\x64\obj\link.7968-rc.read.1.tlog
C:\Prog\FSD\x-ivap-code - pruebas\src\XIvAp\IVAO\x64\obj\link.7968-rc.write.1.tlog
C:\Prog\FSD\x-ivap-code - pruebas\src\XIvAp\IVAO\x64\obj\link.7968.read.1.tlog
C:\Prog\FSD\x-ivap-code - pruebas\src\XIvAp\IVAO\x64\obj\link.7968.write.1.tlog
C:\Prog\FSD\x-ivap-code - pruebas\src\XIvAp\IVAO\x64\obj\link.8032-cvtres.read.1.tlog
C:\Prog\FSD\x-ivap-code - pruebas\src\XIvAp\IVAO\x64\obj\link.8032-cvtres.write.1.tlog
C:\Prog\FSD\x-ivap-code - pruebas\src\XIvAp\IVAO\x64\obj\link.8032-rc.read.1.tlog
C:\Prog\FSD\x-ivap-code - pruebas\src\XIvAp\IVAO\x64\obj\link.8032-rc.write.1.tlog
C:\Prog\FSD\x-ivap-code - pruebas\src\XIvAp\IVAO\x64\obj\link.8032.read.1.tlog
C:\Prog\FSD\x-ivap-code - pruebas\src\XIvAp\IVAO\x64\obj\link.8032.write.1.tlog
C:\Prog\FSD\x-ivap-code - pruebas\src\XIvAp\IVAO\x64\obj\link.8048-cvtres.read.1.tlog
C:\Prog\FSD\x-ivap-code - pruebas\src\XIvAp\IVAO\x64\obj\link.8048-cvtres.write.1.tlog
C:\Prog\FSD\x-ivap-code - pruebas\src\XIvAp\IVAO\x64\obj\link.8048-rc.read.1.tlog
C:\Prog\FSD\x-ivap-code - pruebas\src\XIvAp\IVAO\x64\obj\link.8048-rc.write.1.tlog
C:\Prog\FSD\x-ivap-code - pruebas\src\XIvAp\IVAO\x64\obj\link.8048.read.1.tlog
C:\Prog\FSD\x-ivap-code - pruebas\src\XIvAp\IVAO\x64\obj\link.8048.write.1.tlog
C:\Prog\FSD\x-ivap-code - pruebas\src\XIvAp\IVAO\x64\obj\link.8156-cvtres.read.1.tlog
C:\Prog\FSD\x-ivap-code - pruebas\src\XIvAp\IVAO\x64\obj\link.8156-cvtres.write.1.tlog
C:\Prog\FSD\x-ivap-code - pruebas\src\XIvAp\IVAO\x64\obj\link.8156-rc.read.1.tlog
C:\Prog\FSD\x-ivap-code - pruebas\src\XIvAp\IVAO\x64\obj\link.8156-rc.write.1.tlog
C:\Prog\FSD\x-ivap-code - pruebas\src\XIvAp\IVAO\x64\obj\link.8156.read.1.tlog
C:\Prog\FSD\x-ivap-code - pruebas\src\XIvAp\IVAO\x64\obj\link.8156.write.1.tlog
C:\Prog\FSD\x-ivap-code - pruebas\src\XIvAp\IVAO\x64\obj\link.8260-cvtres.read.1.tlog
C:\Prog\FSD\x-ivap-code - pruebas\src\XIvAp\IVAO\x64\obj\link.8260-cvtres.write.1.tlog
C:\Prog\FSD\x-ivap-code - pruebas\src\XIvAp\IVAO\x64\obj\link.8260-rc.read.1.tlog
C:\Prog\FSD\x-ivap-code - pruebas\src\XIvAp\IVAO\x64\obj\link.8260-rc.write.1.tlog
C:\Prog\FSD\x-ivap-code - pruebas\src\XIvAp\IVAO\x64\obj\link.8260.read.1.tlog
C:\Prog\FSD\x-ivap-code - pruebas\src\XIvAp\IVAO\x64\obj\link.8260.write.1.tlog
C:\Prog\FSD\x-ivap-code - pruebas\src\XIvAp\IVAO\x64\obj\link.9996-cvtres.read.1.tlog
C:\Prog\FSD\x-ivap-code - pruebas\src\XIvAp\IVAO\x64\obj\link.9996-cvtres.write.1.tlog
C:\Prog\FSD\x-ivap-code - pruebas\src\XIvAp\IVAO\x64\obj\link.9996-rc.read.1.tlog
C:\Prog\FSD\x-ivap-code - pruebas\src\XIvAp\IVAO\x64\obj\link.9996-rc.write.1.tlog
C:\Prog\FSD\x-ivap-code - pruebas\src\XIvAp\IVAO\x64\obj\link.9996.read.1.tlog
C:\Prog\FSD\x-ivap-code - pruebas\src\XIvAp\IVAO\x64\obj\link.9996.write.1.tlog
C:\Prog\FSD\x-ivap-code - pruebas\src\XIvAp\IVAO\x64\obj\link.command.1.tlog
C:\Prog\FSD\x-ivap-code - pruebas\src\XIvAp\IVAO\x64\obj\link.read.1.tlog
C:\Prog\FSD\x-ivap-code - pruebas\src\XIvAp\IVAO\x64\obj\link.write.1.tlog
C:\Prog\FSD\x-ivap-code - pruebas\src\XIvAp\IVAO\x64\obj\XIvAp.write.1.tlog
