Build started 04/06/2014 5:22:54.
     1>Project "C:\Prog\FSD\x-ivap-code - pruebas\src\ptypes\win32\PTypes_ST.vcxproj" on node 2 (Build target(s)).
     1>ClCompile:
         C:\Program Files (x86)\Microsoft Visual Studio 11.0\VC\bin\CL.exe /c /I..\include /Zi /nologo /W1 /WX- /O2 /Oy- /D WIN32 /D _VC80_UPGRADE=0x0710 /Gm- /EHsc /MTd /GS /fp:precise /Zc:wchar_t /Zc:forScope /Fo"Debug\\" /Fd"Debug\vc110.pdb" /Gd /TP /analyze- /errorReport:prompt ..\src\pasync.cxx ..\src\patomic.cxx ..\src\pcomponent.cxx ..\src\pcset.cxx ..\src\pcsetdbg.cxx ..\src\pexcept.cxx ..\src\pfatal.cxx ..\src\pfdxstm.cxx ..\src\pinfile.cxx ..\src\pinfilter.cxx ..\src\pinmem.cxx ..\src\pinstm.cxx ..\src\pintee.cxx ..\src\piobase.cxx ..\src\pipbase.cxx ..\src\pipmsg.cxx ..\src\pipmsgsv.cxx ..\src\pipstm.cxx ..\src\pipstmsv.cxx ..\src\pipsvbase.cxx ..\src\pmd5.cxx ..\src\pmem.cxx ..\src\pmsgq.cxx ..\src\pmtxtable.cxx ..\src\pnpipe.cxx ..\src\pnpserver.cxx ..\src\pobjlist.cxx ..\src\poutfile.cxx ..\src\poutfilter.cxx ..\src\poutmem.cxx ..\src\poutstm.cxx ..\src\ppipe.cxx ..\src\ppodlist.cxx ..\src\pputf.cxx ..\src\prwlock.cxx ..\src\psemaphore.cxx ..\src\pstdio.cxx ..\src\pstrcase.cxx ..\src\pstrconv.cxx ..\src\pstring.cxx ..\src\pstrlist.cxx ..\src\pstrmanip.cxx ..\src\pstrtoi.cxx ..\src\pstrutils.cxx ..\src\ptextmap.cxx ..\src\pthread.cxx ..\src\ptime.cxx ..\src\ptimedsem.cxx ..\src\ptrigger.cxx ..\src\ptypes_test.cxx ..\src\punit.cxx ..\src\punknown.cxx ..\src\pvariant.cxx
         pasync.cxx
         patomic.cxx
         pcomponent.cxx
         pcset.cxx
         pcsetdbg.cxx
         pexcept.cxx
         pfatal.cxx
         pfdxstm.cxx
         pinfile.cxx
         pinfilter.cxx
         pinmem.cxx
         pinstm.cxx
         pintee.cxx
         piobase.cxx
         pipbase.cxx
         pipmsg.cxx
         pipmsgsv.cxx
         pipstm.cxx
         pipstmsv.cxx
         pipsvbase.cxx
         Generating Code...
         Compiling...
         pmd5.cxx
         pmem.cxx
         pmsgq.cxx
         pmtxtable.cxx
         pnpipe.cxx
         pnpserver.cxx
         pobjlist.cxx
         poutfile.cxx
         poutfilter.cxx
         poutmem.cxx
         poutstm.cxx
         ppipe.cxx
         ppodlist.cxx
         pputf.cxx
         prwlock.cxx
         psemaphore.cxx
         pstdio.cxx
         pstrcase.cxx
         pstrconv.cxx
         pstring.cxx
         Generating Code...
         Compiling...
         pstrlist.cxx
         pstrmanip.cxx
         pstrtoi.cxx
         pstrutils.cxx
         ptextmap.cxx
         pthread.cxx
         ptime.cxx
         ptimedsem.cxx
         ptrigger.cxx
         ptypes_test.cxx
         punit.cxx
         punknown.cxx
         pvariant.cxx
         Generating Code...
         C:\Program Files (x86)\Microsoft Visual Studio 11.0\VC\bin\CL.exe /c /I..\include /I..\include /Zi /nologo /W1 /WX- /O2 /Oy- /D WIN32 /D _VC80_UPGRADE=0x0710 /Gm- /EHsc /MTd /GS /fp:precise /Zc:wchar_t /Zc:forScope /Fo"Debug\\" /Fd"Debug\vc110.pdb" /Gd /TP /analyze- /errorReport:prompt ..\src\pversion.cxx
         pversion.cxx
       Lib:
         C:\Program Files (x86)\Microsoft Visual Studio 11.0\VC\bin\Lib.exe /OUT:"C:\Prog\FSD\x-ivap-code - pruebas\src\ptypes\win32\PTypes_ST.lib" /NOLOGO Debug\pasync.obj
         Debug\patomic.obj
         Debug\pcomponent.obj
         Debug\pcset.obj
         Debug\pcsetdbg.obj
         Debug\pexcept.obj
         Debug\pfatal.obj
         Debug\pfdxstm.obj
         Debug\pinfile.obj
         Debug\pinfilter.obj
         Debug\pinmem.obj
         Debug\pinstm.obj
         Debug\pintee.obj
         Debug\piobase.obj
         Debug\pipbase.obj
         Debug\pipmsg.obj
         Debug\pipmsgsv.obj
         Debug\pipstm.obj
         Debug\pipstmsv.obj
         Debug\pipsvbase.obj
         Debug\pmd5.obj
         Debug\pmem.obj
         Debug\pmsgq.obj
         Debug\pmtxtable.obj
         Debug\pnpipe.obj
         Debug\pnpserver.obj
         Debug\pobjlist.obj
         Debug\poutfile.obj
         Debug\poutfilter.obj
         Debug\poutmem.obj
         Debug\poutstm.obj
         Debug\ppipe.obj
         Debug\ppodlist.obj
         Debug\pputf.obj
         Debug\prwlock.obj
         Debug\psemaphore.obj
         Debug\pstdio.obj
         Debug\pstrcase.obj
         Debug\pstrconv.obj
         Debug\pstring.obj
         Debug\pstrlist.obj
         Debug\pstrmanip.obj
         Debug\pstrtoi.obj
         Debug\pstrutils.obj
         Debug\ptextmap.obj
         Debug\pthread.obj
         Debug\ptime.obj
         Debug\ptimedsem.obj
         Debug\ptrigger.obj
         Debug\ptypes_test.obj
         Debug\punit.obj
         Debug\punknown.obj
         Debug\pvariant.obj
         Debug\pversion.obj
         PTypes_ST.vcxproj -> C:\Prog\FSD\x-ivap-code - pruebas\src\ptypes\win32\PTypes_ST.lib
       PostBuildEvent:
         del C:\Prog\FSD\x-ivap-code - pruebas\src\ptypes\win32\*.obj
         :VCEnd
         El sistema no puede encontrar la ruta especificada.
     1>C:\Program Files (x86)\MSBuild\Microsoft.Cpp\v4.0\V110\Microsoft.CppCommon.targets(134,5): error MSB3073: The command "del C:\Prog\FSD\x-ivap-code - pruebas\src\ptypes\win32\*.obj
C:\Program Files (x86)\MSBuild\Microsoft.Cpp\v4.0\V110\Microsoft.CppCommon.targets(134,5): error MSB3073: :VCEnd" exited with code 1.
     1>Done Building Project "C:\Prog\FSD\x-ivap-code - pruebas\src\ptypes\win32\PTypes_ST.vcxproj" (Build target(s)) -- FAILED.

Build FAILED.

Time Elapsed 00:00:54.61
